

<!DOCTYPE html>
<html>
<head>
<meta charset="UTF-8">
<meta name="viewport" content="width=device-width, initial-scale=1, shrink-to-fit=no">
<title>Extent Report</title>
<link rel="apple-touch-icon" href="https://cdn.jsdelivr.net/gh/extent-framework/extent-github-cdn@b00a2d0486596e73dd7326beacf352c639623a0e/commons/img/logo.png">
<link rel="shortcut icon" href="https://cdn.jsdelivr.net/gh/extent-framework/extent-github-cdn@b00a2d0486596e73dd7326beacf352c639623a0e/commons/img/logo.png">
<link href="https://cdn.jsdelivr.net/gh/extent-framework/extent-github-cdn@d6562a79075e061305ccfdb82f01e5e195e2d307/spark/css/spark-style.css" rel="stylesheet" />
<link href="https://stackpath.bootstrapcdn.com/font-awesome/4.7.0/css/font-awesome.min.css" rel="stylesheet">
<script src="https://cdn.jsdelivr.net/gh/extent-framework/extent-github-cdn@7cc78ce/spark/js/jsontree.js"></script>
<style type="text/css"></style></head><body class="spa bdd-report dark">
  <div class="app">
    <div class="layout">
<div class="header navbar">
<div class="vheader">
<div class="nav-logo">
<a href="#">
<div class="logo" style="background-image: url('https://cdn.jsdelivr.net/gh/extent-framework/extent-github-cdn@b00a2d0486596e73dd7326beacf352c639623a0e/commons/img/logo.png')"></div>
</a>
</div>
<ul class="nav-left">
<li class="search-box">
<a class="search-toggle" href="#">
<i class="search-icon fa fa-search"></i>
<i class="search-icon-close fa fa-close"></i>
</a>
</li>
<li class="search-input"><input id="search-tests" class="form-control" type="text" placeholder="Search..."></li>
</ul>
<ul class="nav-right">
<li class="m-r-10">
<a href="#"><span class="badge badge-primary">OrangeHRMLive Report</span></a>
</li>
<li class="m-r-10">
<a href="#"><span class="badge badge-primary">Dec 31, 2023 04:50:14 pm</span></a>
</li>
</ul>
</div>
</div><div class="side-nav">
<div class="side-nav-inner">
<ul class="side-nav-menu">
<li class="nav-item dropdown" onclick="toggleView('dashboard-view')">
<a id="nav-dashboard" class="dropdown-toggle" href="#">
<span class="ico"><i class="fa fa-bar-chart"></i></span>
</a>
</li>
<li class="nav-item dropdown" onclick="toggleView('test-view')">
<a id="nav-test" class="dropdown-toggle" href="#">
<span class="ico"><i class="fa fa-list"></i></span>
</a>
</li>
<li class="nav-item dropdown" onclick="toggleView('category-view')">
<a id="nav-category" class="dropdown-toggle" href="#">
<span class="ico"><i class="fa fa-tag"></i></span>
</a>
</li>
<li class="nav-item dropdown" onclick="toggleView('exception-view')">
<a id="nav-exception" class="dropdown-toggle" href="#">
<span class="ico"><i class="fa fa-bug"></i></span>
</a>
</li>
</ul>
</div>
</div>      <div class="vcontainer">
        <div class="main-content">
<div class="container-fluid p-4 view dashboard-view">
<div class="row">
<div class="col-md-3">
<div class="card"><div class="card-body">
<p class="m-b-0">Started</p>
<h3>Dec 31, 2023 04:50:14 pm</h3>
</div></div>
</div>
<div class="col-md-3">
<div class="card"><div class="card-body">
<p class="m-b-0">Ended</p>
<h3>Dec 31, 2023 04:55:45 pm</h3>
</div></div>
</div>
<div class="col-md-3">
<div class="card"><div class="card-body">
<p class="m-b-0 text-pass">Features Passed</p>
<h3>0</h3>
</div></div>
</div>
<div class="col-md-3">
<div class="card"><div class="card-body">
<p class="m-b-0 text-fail">Features Failed</p>
<h3>2</h3>
</div></div>
</div>
</div>
<div class="row">
<div class="col-md-4">
<div class="card">
<div class="card-header">
<h6 class="card-title">Features</h6>
</div>
<div class="card-body">
<div class="">
<canvas id='parent-analysis' width='115' height='90'></canvas>
</div>
</div>
<div class="card-footer">
<div><small data-tooltip='0%'>
<b>0</b> features passed
</small>
</div>
<div>
<small data-tooltip='100%'><b>2</b> features failed,
<b>0</b> skipped, <b data-tooltip='0%'>0</b> others
</small>
</div>
</div>
</div>
</div>
<div class="col-md-4">
<div class="card">
<div class="card-header">
<h6 class="card-title">Scenarios</h6>
</div>
<div class="card-body">
<div class="">
<canvas id='child-analysis' width='115' height='90'></canvas>
</div>
</div>
<div class="card-footer">
<div><small data-tooltip='25%'><b>3</b> scenarios passed</small></div>
<div>
<small data-tooltip='75%'><b>9</b> scenarios failed,
<b>0</b> skipped, <b data-tooltip='%'>0</b> others
</small>
</div>
</div>
</div>
</div>
<div class="col-md-4">
<div class="card">
<div class="card-header">
<h6 class="card-title">Steps</h6>
</div>
<div class="card-body">
<div class="">
<canvas id='grandchild-analysis' width='115' height='90'></canvas>
</div>
</div>
<div class="card-footer">
<div><small data-tooltip='47%'><b>71</b> steps passed</small></div>
<div>
<small data-tooltip='6%'><b>9</b> steps failed,
<b>68</b> skipped, <b data-tooltip='%'>0</b> others
</small>
</div>
</div>
</div>
</div>
</div>
<div class="row"><div class="col-md-12">
<div class="card"><div class="card-header"><p>Timeline</p></div>
<div class="card-body pt-0"><div>
<canvas id="timeline" height="120"></canvas>
</div></div>
</div>
</div></div>
<script>
var timeline = {
"Login functionality":196.639,"Registration functionality":133.405
};
</script>
<div class="row">
<div class="col-lg-6 col-md-12 category-container">
<div class="card">
<div class="card-header"><p>Tags</p></div>
<div class="card-body pb-0 pt-0"><table class="table table-sm table-bordered">
<thead><tr class="bg-gray"><th>Name</th><th>Passed</th><th>Failed</th><th>Skipped</th><th>Others</th><th>Passed %</th></tr></thead><tbody>
<tr>
<td>@sanity</td>
<td>3</td>
<td>9</td>
<td>0</td>
<td>0</td>
<td>25%</td>
</tr>
<tr>
<td>@smoke</td>
<td>0</td>
<td>1</td>
<td>0</td>
<td>0</td>
<td>0%</td>
</tr>
<tr>
<td>@author_SG</td>
<td>3</td>
<td>8</td>
<td>0</td>
<td>0</td>
<td>27.273%</td>
</tr>
</tbody>
</table></div>
</div>
</div>
<div class="col-lg-6 col-md-12 sysenv-container">
<div class="card">
<div class="card-header"><p>System/Environment</p></div>
<div class="card-body pb-0 pt-0"><table class="table table-sm table-bordered">
<thead><tr class="bg-gray"><th>Name</th><th>Value</th></tr></thead>
<tbody>
<tr>
<td>Engineer</td>
<td>Seema</td>
</tr>
<tr>
<td>Project</td>
<td>AutomationExercise</td>
</tr>
<tr>
<td>os</td>
<td>Windows</td>
</tr>
</tbody>
</table></div>
</div>
</div>
</div>
</div>
<script>
var statusGroup = {
parentCount: 5,
passParent: 0,
failParent: 2,
warningParent: 0,
skipParent: 0,
childCount: 5,
passChild: 3,
failChild: 9,
warningChild: 0,
skipChild: 0,
infoChild: 0,
grandChildCount: 5,
passGrandChild: 71,
failGrandChild: 9,
warningGrandChild: 0,
skipGrandChild: 68,
infoGrandChild: 0,
eventsCount: 5,
};
</script><div class="test-wrapper row view test-view">
  <div class="test-list">
    <div class="test-list-tools">
<ul class="tools pull-left">
<li><a href="#"><span class="font-size-14">Tests</span></a></li>
</ul>
<ul class="tools text-right">
<li class="dropdown">
<a href="#" class="dropdown-toggle" data-toggle="dropdown"><i class="fa fa-exclamation-circle"></i></a>
<ul id="status-toggle" class="dropdown-menu dropdown-md p-v-0">
<a class="dropdown-item" status="fail" href="#"><span>Fail</span><span class="status danger"></span></a>
<div class="dropdown-divider"></div>
<a status="clear" class="dropdown-item" href="#"><span>Clear</span><span class="pull-right"><i class="fa fa-close"></i></span></a>
</ul>
</li>
<li class="dropdown">
<a href="#" class="dropdown-toggle" data-toggle="dropdown"><i class="fa fa-tag"></i></a>
<ul id="tag-toggle" class="dropdown-menu dropdown-md p-v-0">
<a class="dropdown-item" href="#">@sanity</a><a class="dropdown-item" href="#">@smoke</a><a class="dropdown-item" href="#">@author_SG</a>
</ul>
</li>
</ul>
</div>    <div class="test-list-wrapper scrollable">
      <ul class="test-list-item">
        <li class="test-item"  status="fail" test-id="1"
          author=""
          tag=""
          device="">
          <div class="test-detail">
            <p class="name">Login functionality</p>
            <p class="text-sm">
              <span>16:50:15</span> / <span>00:03:16:639</span>
              <span class="badge fail-bg log float-right">Fail</span>
            </p>
          </div>
          <div class="test-contents d-none">
<div class="detail-head">
<div class="p-v-10">
<div class="info">
<h5 class="test-status text-fail">Login functionality</h5>
<span class='badge badge-success'>12.31.2023 16:50:15</span>
<span class='badge badge-danger'>12.31.2023 16:53:32</span>
<span class='badge badge-default'>00:03:16:639</span>
&middot; <span class='uri-anchor badge badge-default'>#test-id=1</span>
<span class='badge badge-default pointer float-right ml-1 et'><i class="fa fa-chevron-down"></i></span>
<span class='badge badge-default pointer float-right ct'><i class="fa fa-chevron-up"></i></span>
</div>
<div class="m-t-10 m-l-5"> As a user I should be able to Login successfully</div>
</div>
</div>
<div class="accordion mt-4">
  <div class="card">
    <div class="card-header" role="tab">
      <div class="card-title">
        <div class="node" id="2"><span class="badge log fail-bg mr-2">Fail</span>Verify that user can register successfully</div>
          <div class="status-avatar float-right mr-4">
            <i class="fa fa-paperclip"></i>
          </div>
      </div>
    </div>
        <div class="">
          <div class="card-body">
              <div class="step pass-bg" title="com.automationexercise.steps.LoginSteps.iAmOnHomepageAndVerifyTheHomepageURL()">
                <span>Given I am on homepage and verify the homepage URL</span>
      <div>
      </div>
              </div>
              <div class="step pass-bg" title="com.automationexercise.steps.LoginSteps.clickSignupButton(java.lang.String)">
                <span>When Click 'Signup' button</span>
      <div>
      </div>
              </div>
              <div class="step pass-bg" title="com.automationexercise.steps.LoginSteps.verifyNewUserSignupIsVisible(java.lang.String)">
                <span>And Verify 'New User Signup!' is visible</span>
      <div>
      </div>
              </div>
              <div class="step pass-bg" title="com.automationexercise.steps.LoginSteps.enterNameAndEmailAddress()">
                <span>Then Enter name and email address</span>
      <div>
      </div>
              </div>
              <div class="step pass-bg" title="com.automationexercise.steps.LoginSteps.clickSignupLink(java.lang.String)">
                <span>And Click 'signup' Link</span>
      <div>
      </div>
              </div>
              <div class="step fail-bg" title="com.automationexercise.steps.LoginSteps.verifyThatENTERACCOUNTINFORMATIONIsVisible(java.lang.String)">
                <span>And Verify that 'ENTER ACCOUNT INFORMATION' is visible</span>
      <div>
        <textarea disabled class="code-block">org.openqa.selenium.NoSuchElementException: no such element: Unable to locate element: {"method":"xpath","selector":"//b[contains(text(),'Enter Account Information')]"}
  (Session info: chrome=120.0.6099.130)
For documentation on this error, please visit: https://www.selenium.dev/documentation/webdriver/troubleshooting/errors#no-such-element-exception
Build info: version: '4.16.0', revision: '15400459dd*'
System info: os.name: 'Windows 11', os.arch: 'amd64', os.version: '10.0', java.version: '17.0.8'
Driver info: org.openqa.selenium.chrome.ChromeDriver
Command: [e38a5a29d270fec7f1ce889eaba5904c, findElement {using=xpath, value=//b[contains(text(),'Enter Account Information')]}]
Capabilities {acceptInsecureCerts: false, browserName: chrome, browserVersion: 120.0.6099.130, chrome: {chromedriverVersion: 120.0.6099.109 (3419140ab66..., userDataDir: C:\Users\rajat\AppData\Loca...}, fedcm:accounts: true, goog:chromeOptions: {debuggerAddress: localhost:53143}, networkConnectionEnabled: false, pageLoadStrategy: normal, platformName: windows, proxy: Proxy(), se:cdp: ws://localhost:53143/devtoo..., se:cdpVersion: 120.0.6099.130, setWindowRect: true, strictFileInteractability: false, timeouts: {implicit: 0, pageLoad: 300000, script: 30000}, unhandledPromptBehavior: dismiss and notify, webauthn:extension:credBlob: true, webauthn:extension:largeBlob: true, webauthn:extension:minPinLength: true, webauthn:extension:prf: true, webauthn:virtualAuthenticators: true}
Session ID: e38a5a29d270fec7f1ce889eaba5904c
	at java.base/jdk.internal.reflect.NativeConstructorAccessorImpl.newInstance0(Native Method)
	at java.base/jdk.internal.reflect.NativeConstructorAccessorImpl.newInstance(NativeConstructorAccessorImpl.java:77)
	at java.base/jdk.internal.reflect.DelegatingConstructorAccessorImpl.newInstance(DelegatingConstructorAccessorImpl.java:45)
	at java.base/java.lang.reflect.Constructor.newInstanceWithCaller(Constructor.java:499)
	at java.base/java.lang.reflect.Constructor.newInstance(Constructor.java:480)
	at org.openqa.selenium.remote.codec.w3c.W3CHttpResponseCodec.createException(W3CHttpResponseCodec.java:200)
	at org.openqa.selenium.remote.codec.w3c.W3CHttpResponseCodec.decode(W3CHttpResponseCodec.java:133)
	at org.openqa.selenium.remote.codec.w3c.W3CHttpResponseCodec.decode(W3CHttpResponseCodec.java:52)
	at org.openqa.selenium.remote.HttpCommandExecutor.execute(HttpCommandExecutor.java:191)
	at org.openqa.selenium.remote.service.DriverCommandExecutor.invokeExecute(DriverCommandExecutor.java:200)
	at org.openqa.selenium.remote.service.DriverCommandExecutor.execute(DriverCommandExecutor.java:175)
	at org.openqa.selenium.remote.RemoteWebDriver.execute(RemoteWebDriver.java:523)
	at org.openqa.selenium.remote.ElementLocation$ElementFinder$2.findElement(ElementLocation.java:165)
	at org.openqa.selenium.remote.ElementLocation.findElement(ElementLocation.java:59)
	at org.openqa.selenium.remote.RemoteWebDriver.findElement(RemoteWebDriver.java:360)
	at org.openqa.selenium.remote.RemoteWebDriver.findElement(RemoteWebDriver.java:354)
	at org.openqa.selenium.support.pagefactory.DefaultElementLocator.findElement(DefaultElementLocator.java:68)
	at org.openqa.selenium.support.pagefactory.internal.LocatingElementHandler.invoke(LocatingElementHandler.java:38)
	at jdk.proxy2/jdk.proxy2.$Proxy29.getText(Unknown Source)
	at com.automationexercise.utility.Utility.getTextFromElement(Utility.java:63)
	at com.automationexercise.pages.RegisterPage.verifyAccountText(RegisterPage.java:76)
	at com.automationexercise.steps.LoginSteps.verifyThatENTERACCOUNTINFORMATIONIsVisible(LoginSteps.java:47)
	at ✽.Verify that 'ENTER ACCOUNT INFORMATION' is visible(file:///C:/Users/rajat/IdeaProjects/automationexercise-cucumber-hw-7/src/test/resources/feature/Login.feature:14)
</textarea>
      
      </div>
              </div>
              <div class="step skip-bg" title="com.automationexercise.steps.LoginSteps.iFillAllDetailsInSignupPage(java.lang.String,java.lang.String,java.lang.String,java.lang.String,java.lang.String,java.lang.String,java.lang.String,java.lang.String,java.lang.String,java.lang.String,java.lang.String,java.lang.String,java.lang.String,java.lang.String)">
                <span>And I fill all details in signup page "Mrs" "Friends244@gmail.com" "10" "June" "1998" "Friends" "Smith" "Raja Park" "Jaipur" "India" "Rajasthan" "Jaipur" "302004" "0985645678"</span>
      <div>Step skipped
      </div>
              </div>
              <div class="step skip-bg" title="com.automationexercise.steps.LoginSteps.clickCreateAccountButton(java.lang.String)">
                <span>And Click 'Create Account button'</span>
      <div>Step skipped
      </div>
              </div>
              <div class="step skip-bg" title="com.automationexercise.steps.LoginSteps.verifyThatACCOUNTCREATEDIsDisplayed(java.lang.String)">
                <span>And Verify that 'ACCOUNT CREATED!' is Displayed</span>
      <div>Step skipped
      </div>
              </div>
              <div class="step skip-bg" title="com.automationexercise.steps.LoginSteps.clickContinueButton()">
                <span>And Click Continue button</span>
      <div>Step skipped
      </div>
              </div>
              <div class="step skip-bg" title="com.automationexercise.steps.LoginSteps.verifyThatLoggedInAsUsernameIsDisplayed(java.lang.String)">
                <span>And Verify that 'Logged in as username' is displayed</span>
      <div>Step skipped
      </div>
              </div>
              <div class="step pass-bg" title="AFTER">
                <span>com.automationexercise.steps.Hooks.tearDown(io.cucumber.java.Scenario)</span>
      <div>Verify that user can register successfully
          <div class="row mb-3"><div class="col-md-3">
<img data-featherlight='../screenshots/embedded1.png' src="../screenshots/embedded1.png">
    
    </div></div>
</div>
      <div>
      </div>
              </div>
          </div>
        </div>
  </div>
  <div class="card">
    <div class="card-header" role="tab">
      <div class="card-title">
        <div class="node" id="16"><span class="badge log pass-bg mr-2">Pass</span>User should login successfully with correct email and password</div>
      </div>
    </div>
        <div class="collapse">
          <div class="card-body">
              <div class="step pass-bg" title="com.automationexercise.steps.LoginSteps.iAmOnHomepageAndVerifyTheHomepageURL()">
                <span>Given I am on homepage and verify the homepage URL</span>
      <div>
      </div>
              </div>
              <div class="step pass-bg" title="com.automationexercise.steps.LoginSteps.clickOnLoginLink(java.lang.String)">
                <span>When Click on 'Login' link</span>
      <div>
      </div>
              </div>
              <div class="step pass-bg" title="com.automationexercise.steps.LoginSteps.verifyLoginToYourAccountIsDisplayed(java.lang.String)">
                <span>And Verify 'Login to your account' is displayed</span>
      <div>
      </div>
              </div>
              <div class="step pass-bg" title="com.automationexercise.steps.LoginSteps.iEnterCorrectEmailForLogin(java.lang.String)">
                <span>And I Enter correct 'email' for login</span>
      <div>
      </div>
              </div>
              <div class="step pass-bg" title="com.automationexercise.steps.LoginSteps.iEnterCorrectPasswordForLogin(java.lang.String)">
                <span>And I enter correct 'password' for login</span>
      <div>
      </div>
              </div>
              <div class="step pass-bg" title="com.automationexercise.steps.LoginSteps.clickLoginTab(java.lang.String)">
                <span>And Click 'login' tab</span>
      <div>
      </div>
              </div>
          </div>
        </div>
  </div>
  <div class="card">
    <div class="card-header" role="tab">
      <div class="card-title">
        <div class="node" id="25"><span class="badge log fail-bg mr-2">Fail</span>User should not login successfully with incorrect email and password</div>
          <div class="status-avatar float-right mr-4">
            <i class="fa fa-paperclip"></i>
          </div>
      </div>
    </div>
        <div class="">
          <div class="card-body">
              <div class="step pass-bg" title="com.automationexercise.steps.LoginSteps.iAmOnHomepageAndVerifyTheHomepageURL()">
                <span>Given I am on homepage and verify the homepage URL</span>
      <div>
      </div>
              </div>
              <div class="step pass-bg" title="com.automationexercise.steps.LoginSteps.clickOnSignupLink(java.lang.String)">
                <span>When click on 'signup' link</span>
      <div>
      </div>
              </div>
              <div class="step pass-bg" title="com.automationexercise.steps.LoginSteps.verifyLoginToYourAccountTextIsVisible(java.lang.String)">
                <span>Then Verify 'Login to your account' text is visible</span>
      <div>
      </div>
              </div>
              <div class="step pass-bg" title="com.automationexercise.steps.LoginSteps.iEnterIncorrectEmailForLogin(java.lang.String)">
                <span>And I Enter incorrect 'email' for login</span>
      <div>
      </div>
              </div>
              <div class="step pass-bg" title="com.automationexercise.steps.LoginSteps.iEnterIncorrectPasswordForLogin(java.lang.String)">
                <span>And I enter incorrect 'password' for login</span>
      <div>
      </div>
              </div>
              <div class="step pass-bg" title="com.automationexercise.steps.LoginSteps.iClickOnLoginLink(java.lang.String)">
                <span>And I click on 'Login' link</span>
      <div>
      </div>
              </div>
              <div class="step fail-bg" title="com.automationexercise.steps.LoginSteps.verifyErrorYourEmailOrPasswordIsIncorrectIsVisible(java.lang.String)">
                <span>And Verify error 'Your email or password is incorrect!' is visible</span>
      <div>
        <textarea disabled class="code-block">org.openqa.selenium.NoSuchElementException: no such element: Unable to locate element: {"method":"xpath","selector":"//p[normalize-space()='Your email or password is incorrect!']"}
  (Session info: chrome=120.0.6099.130)
For documentation on this error, please visit: https://www.selenium.dev/documentation/webdriver/troubleshooting/errors#no-such-element-exception
Build info: version: '4.16.0', revision: '15400459dd*'
System info: os.name: 'Windows 11', os.arch: 'amd64', os.version: '10.0', java.version: '17.0.8'
Driver info: org.openqa.selenium.chrome.ChromeDriver
Command: [e9eb7bc17598907ffd44f9cb1c083f30, findElement {using=xpath, value=//p[normalize-space()='Your email or password is incorrect!']}]
Capabilities {acceptInsecureCerts: false, browserName: chrome, browserVersion: 120.0.6099.130, chrome: {chromedriverVersion: 120.0.6099.109 (3419140ab66..., userDataDir: C:\Users\rajat\AppData\Loca...}, fedcm:accounts: true, goog:chromeOptions: {debuggerAddress: localhost:53252}, networkConnectionEnabled: false, pageLoadStrategy: normal, platformName: windows, proxy: Proxy(), se:cdp: ws://localhost:53252/devtoo..., se:cdpVersion: 120.0.6099.130, setWindowRect: true, strictFileInteractability: false, timeouts: {implicit: 0, pageLoad: 300000, script: 30000}, unhandledPromptBehavior: dismiss and notify, webauthn:extension:credBlob: true, webauthn:extension:largeBlob: true, webauthn:extension:minPinLength: true, webauthn:extension:prf: true, webauthn:virtualAuthenticators: true}
Session ID: e9eb7bc17598907ffd44f9cb1c083f30
	at java.base/jdk.internal.reflect.NativeConstructorAccessorImpl.newInstance0(Native Method)
	at java.base/jdk.internal.reflect.NativeConstructorAccessorImpl.newInstance(NativeConstructorAccessorImpl.java:77)
	at java.base/jdk.internal.reflect.DelegatingConstructorAccessorImpl.newInstance(DelegatingConstructorAccessorImpl.java:45)
	at java.base/java.lang.reflect.Constructor.newInstanceWithCaller(Constructor.java:499)
	at java.base/java.lang.reflect.Constructor.newInstance(Constructor.java:480)
	at org.openqa.selenium.remote.codec.w3c.W3CHttpResponseCodec.createException(W3CHttpResponseCodec.java:200)
	at org.openqa.selenium.remote.codec.w3c.W3CHttpResponseCodec.decode(W3CHttpResponseCodec.java:133)
	at org.openqa.selenium.remote.codec.w3c.W3CHttpResponseCodec.decode(W3CHttpResponseCodec.java:52)
	at org.openqa.selenium.remote.HttpCommandExecutor.execute(HttpCommandExecutor.java:191)
	at org.openqa.selenium.remote.service.DriverCommandExecutor.invokeExecute(DriverCommandExecutor.java:200)
	at org.openqa.selenium.remote.service.DriverCommandExecutor.execute(DriverCommandExecutor.java:175)
	at org.openqa.selenium.remote.RemoteWebDriver.execute(RemoteWebDriver.java:523)
	at org.openqa.selenium.remote.ElementLocation$ElementFinder$2.findElement(ElementLocation.java:165)
	at org.openqa.selenium.remote.ElementLocation.findElement(ElementLocation.java:59)
	at org.openqa.selenium.remote.RemoteWebDriver.findElement(RemoteWebDriver.java:360)
	at org.openqa.selenium.remote.RemoteWebDriver.findElement(RemoteWebDriver.java:354)
	at com.automationexercise.pages.LoginPage.getEmailOrPasswordIsIncorrectText(LoginPage.java:249)
	at com.automationexercise.steps.LoginSteps.verifyErrorYourEmailOrPasswordIsIncorrectIsVisible(LoginSteps.java:172)
	at ✽.Verify error 'Your email or password is incorrect!' is visible(file:///C:/Users/rajat/IdeaProjects/automationexercise-cucumber-hw-7/src/test/resources/feature/Login.feature:40)
</textarea>
      
      </div>
              </div>
              <div class="step pass-bg" title="AFTER">
                <span>com.automationexercise.steps.Hooks.tearDown(io.cucumber.java.Scenario)</span>
      <div>User should not login successfully with incorrect email and password
          <div class="row mb-3"><div class="col-md-3">
<img data-featherlight='../screenshots/embedded2.png' src="../screenshots/embedded2.png">
    
    </div></div>
</div>
      <div>
      </div>
              </div>
          </div>
        </div>
  </div>
  <div class="card">
    <div class="card-header" role="tab">
      <div class="card-title">
        <div class="node" id="35"><span class="badge log fail-bg mr-2">Fail</span>User should logout successfully</div>
          <div class="status-avatar float-right mr-4">
            <i class="fa fa-paperclip"></i>
          </div>
      </div>
    </div>
        <div class="">
          <div class="card-body">
              <div class="step pass-bg" title="com.automationexercise.steps.LoginSteps.iAmOnHomepageAndVerifyTheHomepageURL()">
                <span>Given I am on homepage and verify the homepage URL</span>
      <div>
      </div>
              </div>
              <div class="step pass-bg" title="com.automationexercise.steps.LoginSteps.iClickOnSignupTab(java.lang.String)">
                <span>When I click on 'signup' tab</span>
      <div>
      </div>
              </div>
              <div class="step pass-bg" title="com.automationexercise.steps.LoginSteps.loginToYourAccountMessageIsVisible(java.lang.String)">
                <span>Then 'Login To your Account' message is visible</span>
      <div>
      </div>
              </div>
              <div class="step pass-bg" title="com.automationexercise.steps.LoginSteps.iAmAbleToEnterCorrectEmailIdOnLoginField(java.lang.String)">
                <span>And I am able to enter correct 'emailId' on login field</span>
      <div>
      </div>
              </div>
              <div class="step pass-bg" title="com.automationexercise.steps.LoginSteps.iAmAbleToEnterCorrectPassword(java.lang.String)">
                <span>And I am able to enter correct 'password'</span>
      <div>
      </div>
              </div>
              <div class="step pass-bg" title="com.automationexercise.steps.LoginSteps.iAmAbleToClickOnLoginButton(java.lang.String)">
                <span>And I am able to click on 'login' button</span>
      <div>
      </div>
              </div>
              <div class="step fail-bg" title="com.automationexercise.steps.LoginSteps.loggedInAsUsernameMessageIsDisplayed(java.lang.String)">
                <span>Then 'Logged in as username' message is displayed</span>
      <div>
        <textarea disabled class="code-block">org.openqa.selenium.NoSuchElementException: no such element: Unable to locate element: {"method":"css selector","selector":"li:nth-child(10) a:nth-child(1)"}
  (Session info: chrome=120.0.6099.130)
For documentation on this error, please visit: https://www.selenium.dev/documentation/webdriver/troubleshooting/errors#no-such-element-exception
Build info: version: '4.16.0', revision: '15400459dd*'
System info: os.name: 'Windows 11', os.arch: 'amd64', os.version: '10.0', java.version: '17.0.8'
Driver info: org.openqa.selenium.chrome.ChromeDriver
Command: [f5aaeb92a2ef3af59b3d1faa3a13ab6c, findElement {using=css selector, value=li:nth-child(10) a:nth-child(1)}]
Capabilities {acceptInsecureCerts: false, browserName: chrome, browserVersion: 120.0.6099.130, chrome: {chromedriverVersion: 120.0.6099.109 (3419140ab66..., userDataDir: C:\Users\rajat\AppData\Loca...}, fedcm:accounts: true, goog:chromeOptions: {debuggerAddress: localhost:53295}, networkConnectionEnabled: false, pageLoadStrategy: normal, platformName: windows, proxy: Proxy(), se:cdp: ws://localhost:53295/devtoo..., se:cdpVersion: 120.0.6099.130, setWindowRect: true, strictFileInteractability: false, timeouts: {implicit: 0, pageLoad: 300000, script: 30000}, unhandledPromptBehavior: dismiss and notify, webauthn:extension:credBlob: true, webauthn:extension:largeBlob: true, webauthn:extension:minPinLength: true, webauthn:extension:prf: true, webauthn:virtualAuthenticators: true}
Session ID: f5aaeb92a2ef3af59b3d1faa3a13ab6c
	at java.base/jdk.internal.reflect.NativeConstructorAccessorImpl.newInstance0(Native Method)
	at java.base/jdk.internal.reflect.NativeConstructorAccessorImpl.newInstance(NativeConstructorAccessorImpl.java:77)
	at java.base/jdk.internal.reflect.DelegatingConstructorAccessorImpl.newInstance(DelegatingConstructorAccessorImpl.java:45)
	at java.base/java.lang.reflect.Constructor.newInstanceWithCaller(Constructor.java:499)
	at java.base/java.lang.reflect.Constructor.newInstance(Constructor.java:480)
	at org.openqa.selenium.remote.codec.w3c.W3CHttpResponseCodec.createException(W3CHttpResponseCodec.java:200)
	at org.openqa.selenium.remote.codec.w3c.W3CHttpResponseCodec.decode(W3CHttpResponseCodec.java:133)
	at org.openqa.selenium.remote.codec.w3c.W3CHttpResponseCodec.decode(W3CHttpResponseCodec.java:52)
	at org.openqa.selenium.remote.HttpCommandExecutor.execute(HttpCommandExecutor.java:191)
	at org.openqa.selenium.remote.service.DriverCommandExecutor.invokeExecute(DriverCommandExecutor.java:200)
	at org.openqa.selenium.remote.service.DriverCommandExecutor.execute(DriverCommandExecutor.java:175)
	at org.openqa.selenium.remote.RemoteWebDriver.execute(RemoteWebDriver.java:523)
	at org.openqa.selenium.remote.ElementLocation$ElementFinder$2.findElement(ElementLocation.java:165)
	at org.openqa.selenium.remote.ElementLocation.findElement(ElementLocation.java:59)
	at org.openqa.selenium.remote.RemoteWebDriver.findElement(RemoteWebDriver.java:360)
	at org.openqa.selenium.remote.RemoteWebDriver.findElement(RemoteWebDriver.java:354)
	at org.openqa.selenium.support.pagefactory.DefaultElementLocator.findElement(DefaultElementLocator.java:68)
	at org.openqa.selenium.support.pagefactory.internal.LocatingElementHandler.invoke(LocatingElementHandler.java:38)
	at jdk.proxy2/jdk.proxy2.$Proxy29.getText(Unknown Source)
	at com.automationexercise.utility.Utility.getTextFromElement(Utility.java:63)
	at com.automationexercise.pages.LoginPage.getLoggedInAsUser(LoginPage.java:198)
	at com.automationexercise.steps.LoginSteps.loggedInAsUsernameMessageIsDisplayed(LoginSteps.java:204)
	at ✽.'Logged in as username' message is displayed(file:///C:/Users/rajat/IdeaProjects/automationexercise-cucumber-hw-7/src/test/resources/feature/Login.feature:49)
</textarea>
      
      </div>
              </div>
              <div class="step skip-bg" title="com.automationexercise.steps.LoginSteps.iAmAbleToClickOnLogoutTab(java.lang.String)">
                <span>And I am able to click on 'logout' tab</span>
      <div>Step skipped
      </div>
              </div>
              <div class="step skip-bg" title="com.automationexercise.steps.LoginSteps.andIAmOnLoginPageAndVerifyTheLoginURL()">
                <span>And And I am on login page and verify the login URL</span>
      <div>Step skipped
      </div>
              </div>
              <div class="step pass-bg" title="AFTER">
                <span>com.automationexercise.steps.Hooks.tearDown(io.cucumber.java.Scenario)</span>
      <div>User should logout successfully
          <div class="row mb-3"><div class="col-md-3">
<img data-featherlight='../screenshots/embedded3.png' src="../screenshots/embedded3.png">
    
    </div></div>
</div>
      <div>
      </div>
              </div>
          </div>
        </div>
  </div>
  <div class="card">
    <div class="card-header" role="tab">
      <div class="card-title">
        <div class="node" id="47"><span class="badge log fail-bg mr-2">Fail</span>User can verify address details successfully</div>
          <div class="status-avatar float-right mr-4">
            <i class="fa fa-paperclip"></i>
          </div>
      </div>
    </div>
        <div class="">
          <div class="card-body">
              <div class="step pass-bg" title="com.automationexercise.steps.LoginSteps.iAmOnHomepageAndVerifyTheHomepageURL()">
                <span>Given I am on homepage and verify the homepage URL</span>
      <div>
      </div>
              </div>
              <div class="step pass-bg" title="com.automationexercise.steps.LoginSteps.clickSignupButton(java.lang.String)">
                <span>When Click 'Signup' button</span>
      <div>
      </div>
              </div>
              <div class="step pass-bg" title="com.automationexercise.steps.LoginSteps.verifyNewUserSignupIsVisible(java.lang.String)">
                <span>And Verify 'New User Signup!' is visible</span>
      <div>
      </div>
              </div>
              <div class="step pass-bg" title="com.automationexercise.steps.LoginSteps.enterNameAndEmailAddress()">
                <span>Then Enter name and email address</span>
      <div>
      </div>
              </div>
              <div class="step pass-bg" title="com.automationexercise.steps.LoginSteps.clickSignupLink(java.lang.String)">
                <span>And Click 'signup' Link</span>
      <div>
      </div>
              </div>
              <div class="step fail-bg" title="com.automationexercise.steps.LoginSteps.verifyThatENTERACCOUNTINFORMATIONIsVisible(java.lang.String)">
                <span>And Verify that 'ENTER ACCOUNT INFORMATION' is visible</span>
      <div>
        <textarea disabled class="code-block">org.openqa.selenium.NoSuchElementException: no such element: Unable to locate element: {"method":"xpath","selector":"//b[contains(text(),'Enter Account Information')]"}
  (Session info: chrome=120.0.6099.130)
For documentation on this error, please visit: https://www.selenium.dev/documentation/webdriver/troubleshooting/errors#no-such-element-exception
Build info: version: '4.16.0', revision: '15400459dd*'
System info: os.name: 'Windows 11', os.arch: 'amd64', os.version: '10.0', java.version: '17.0.8'
Driver info: org.openqa.selenium.chrome.ChromeDriver
Command: [416b6f21c3fea29b874b63728e1e95d1, findElement {using=xpath, value=//b[contains(text(),'Enter Account Information')]}]
Capabilities {acceptInsecureCerts: false, browserName: chrome, browserVersion: 120.0.6099.130, chrome: {chromedriverVersion: 120.0.6099.109 (3419140ab66..., userDataDir: C:\Users\rajat\AppData\Loca...}, fedcm:accounts: true, goog:chromeOptions: {debuggerAddress: localhost:53348}, networkConnectionEnabled: false, pageLoadStrategy: normal, platformName: windows, proxy: Proxy(), se:cdp: ws://localhost:53348/devtoo..., se:cdpVersion: 120.0.6099.130, setWindowRect: true, strictFileInteractability: false, timeouts: {implicit: 0, pageLoad: 300000, script: 30000}, unhandledPromptBehavior: dismiss and notify, webauthn:extension:credBlob: true, webauthn:extension:largeBlob: true, webauthn:extension:minPinLength: true, webauthn:extension:prf: true, webauthn:virtualAuthenticators: true}
Session ID: 416b6f21c3fea29b874b63728e1e95d1
	at java.base/jdk.internal.reflect.NativeConstructorAccessorImpl.newInstance0(Native Method)
	at java.base/jdk.internal.reflect.NativeConstructorAccessorImpl.newInstance(NativeConstructorAccessorImpl.java:77)
	at java.base/jdk.internal.reflect.DelegatingConstructorAccessorImpl.newInstance(DelegatingConstructorAccessorImpl.java:45)
	at java.base/java.lang.reflect.Constructor.newInstanceWithCaller(Constructor.java:499)
	at java.base/java.lang.reflect.Constructor.newInstance(Constructor.java:480)
	at org.openqa.selenium.remote.codec.w3c.W3CHttpResponseCodec.createException(W3CHttpResponseCodec.java:200)
	at org.openqa.selenium.remote.codec.w3c.W3CHttpResponseCodec.decode(W3CHttpResponseCodec.java:133)
	at org.openqa.selenium.remote.codec.w3c.W3CHttpResponseCodec.decode(W3CHttpResponseCodec.java:52)
	at org.openqa.selenium.remote.HttpCommandExecutor.execute(HttpCommandExecutor.java:191)
	at org.openqa.selenium.remote.service.DriverCommandExecutor.invokeExecute(DriverCommandExecutor.java:200)
	at org.openqa.selenium.remote.service.DriverCommandExecutor.execute(DriverCommandExecutor.java:175)
	at org.openqa.selenium.remote.RemoteWebDriver.execute(RemoteWebDriver.java:523)
	at org.openqa.selenium.remote.ElementLocation$ElementFinder$2.findElement(ElementLocation.java:165)
	at org.openqa.selenium.remote.ElementLocation.findElement(ElementLocation.java:59)
	at org.openqa.selenium.remote.RemoteWebDriver.findElement(RemoteWebDriver.java:360)
	at org.openqa.selenium.remote.RemoteWebDriver.findElement(RemoteWebDriver.java:354)
	at org.openqa.selenium.support.pagefactory.DefaultElementLocator.findElement(DefaultElementLocator.java:68)
	at org.openqa.selenium.support.pagefactory.internal.LocatingElementHandler.invoke(LocatingElementHandler.java:38)
	at jdk.proxy2/jdk.proxy2.$Proxy29.getText(Unknown Source)
	at com.automationexercise.utility.Utility.getTextFromElement(Utility.java:63)
	at com.automationexercise.pages.RegisterPage.verifyAccountText(RegisterPage.java:76)
	at com.automationexercise.steps.LoginSteps.verifyThatENTERACCOUNTINFORMATIONIsVisible(LoginSteps.java:47)
	at ✽.Verify that 'ENTER ACCOUNT INFORMATION' is visible(file:///C:/Users/rajat/IdeaProjects/automationexercise-cucumber-hw-7/src/test/resources/feature/Login.feature:60)
</textarea>
      
      </div>
              </div>
              <div class="step skip-bg" title="com.automationexercise.steps.LoginSteps.iFillAllDetailsInSignupPage(java.lang.String,java.lang.String,java.lang.String,java.lang.String,java.lang.String,java.lang.String,java.lang.String,java.lang.String,java.lang.String,java.lang.String,java.lang.String,java.lang.String,java.lang.String,java.lang.String)">
                <span>And I fill all details in signup page "Mrs" "Friends244@gmail.com" "10" "June" "1998" "Friends" "Smith" "Raja Park" "Jaipur" "India" "Rajasthan" "Jaipur" "302004" "0985645678"</span>
      <div>Step skipped
      </div>
              </div>
              <div class="step skip-bg" title="com.automationexercise.steps.LoginSteps.clickCreateAccountButton(java.lang.String)">
                <span>And Click 'Create Account button'</span>
      <div>Step skipped
      </div>
              </div>
              <div class="step skip-bg" title="com.automationexercise.steps.LoginSteps.verifyThatACCOUNTCREATEDIsDisplayed(java.lang.String)">
                <span>And Verify that 'ACCOUNT CREATED!' is Displayed</span>
      <div>Step skipped
      </div>
              </div>
              <div class="step skip-bg" title="com.automationexercise.steps.LoginSteps.clickContinueButton()">
                <span>And Click Continue button</span>
      <div>Step skipped
      </div>
              </div>
              <div class="step skip-bg" title="com.automationexercise.steps.LoginSteps.verifyThatLoggedInAsUsernameIsDisplayed(java.lang.String)">
                <span>And Verify that 'Logged in as username' is displayed</span>
      <div>Step skipped
      </div>
              </div>
              <div class="step skip-bg" title="com.automationexercise.steps.HomeSteps.iClickOnCartOption(java.lang.String)">
                <span>And I click on 'cart' option</span>
      <div>Step skipped
      </div>
              </div>
              <div class="step skip-bg" title="com.automationexercise.steps.RegisterSteps.iClickOnProceedToCheckoutButton()">
                <span>And I click on Proceed to Checkout button</span>
      <div>Step skipped
      </div>
              </div>
              <div class="step skip-bg" title="com.automationexercise.steps.LoginSteps.thenIShouldSeeTheDeliveryAddressIsSameAddressFilledAtTheTimeRegistrationOfAccount(java.lang.String)">
                <span>Then Then I should see the delivery address is same address filled at the time registration of account "Raja Park"</span>
      <div>Step skipped
      </div>
              </div>
              <div class="step skip-bg" title="com.automationexercise.steps.LoginSteps.iShouldSeeBillingAddressIsSameAddressFilledAtTheTimeRegistrationOfAccount(java.lang.String)">
                <span>And I should see billing address is same address filled at the time registration of account "Raja Park"</span>
      <div>Step skipped
      </div>
              </div>
              <div class="step pass-bg" title="AFTER">
                <span>com.automationexercise.steps.Hooks.tearDown(io.cucumber.java.Scenario)</span>
      <div>User can verify address details successfully
          <div class="row mb-3"><div class="col-md-3">
<img data-featherlight='../screenshots/embedded4.png' src="../screenshots/embedded4.png">
    
    </div></div>
</div>
      <div>
      </div>
              </div>
          </div>
        </div>
  </div>
</div>
          </div>
        </li>
        <li class="test-item"  status="fail" test-id="65"
          author=""
          tag=""
          device="">
          <div class="test-detail">
            <p class="name">Registration functionality</p>
            <p class="text-sm">
              <span>16:53:32</span> / <span>00:02:13:405</span>
              <span class="badge fail-bg log float-right">Fail</span>
            </p>
          </div>
          <div class="test-contents d-none">
<div class="detail-head">
<div class="p-v-10">
<div class="info">
<h5 class="test-status text-fail">Registration functionality</h5>
<span class='badge badge-success'>12.31.2023 16:53:32</span>
<span class='badge badge-danger'>12.31.2023 16:55:45</span>
<span class='badge badge-default'>00:02:13:405</span>
&middot; <span class='uri-anchor badge badge-default'>#test-id=65</span>
<span class='badge badge-default pointer float-right ml-1 et'><i class="fa fa-chevron-down"></i></span>
<span class='badge badge-default pointer float-right ct'><i class="fa fa-chevron-up"></i></span>
</div>
<div class="m-t-10 m-l-5"> As a User I should be able to register successfully</div>
</div>
</div>
<div class="accordion mt-4">
  <div class="card">
    <div class="card-header" role="tab">
      <div class="card-title">
        <div class="node" id="66"><span class="badge log pass-bg mr-2">Pass</span>User should register successfully</div>
      </div>
    </div>
        <div class="collapse">
          <div class="card-body">
              <div class="step pass-bg" title="com.automationexercise.steps.LoginSteps.iAmOnHomepageAndVerifyTheHomepageURL()">
                <span>Given I am on homepage and verify the homepage URL</span>
      <div>
      </div>
              </div>
              <div class="step pass-bg" title="com.automationexercise.steps.RegisterSteps.clickOnSignup(java.lang.String)">
                <span>When click on 'signup'</span>
      <div>
      </div>
              </div>
              <div class="step pass-bg" title="com.automationexercise.steps.RegisterSteps.identifyNewUserSignupTextIsPresent(java.lang.String)">
                <span>Then Identify 'New User Signup!' text is present</span>
      <div>
      </div>
              </div>
              <div class="step pass-bg" title="com.automationexercise.steps.RegisterSteps.iSendNameFriendsToNameField(java.lang.String)">
                <span>And I send name 'Friends' to name field</span>
      <div>
      </div>
              </div>
              <div class="step pass-bg" title="com.automationexercise.steps.RegisterSteps.iSendExistingEmailToEmailField(java.lang.String)">
                <span>And I send existing 'email' to email field</span>
      <div>
      </div>
              </div>
              <div class="step pass-bg" title="com.automationexercise.steps.RegisterSteps.iAbleToClickOnSignupButton()">
                <span>And I able to click on signup button</span>
      <div>
      </div>
              </div>
              <div class="step pass-bg" title="com.automationexercise.steps.RegisterSteps.verifyErrorEmailAddressAlreadyExistIsDisplayed(java.lang.String)">
                <span>And Verify error 'Email Address already exist!' is displayed</span>
      <div>
      </div>
              </div>
          </div>
        </div>
  </div>
  <div class="card">
    <div class="card-header" role="tab">
      <div class="card-title">
        <div class="node" id="76"><span class="badge log fail-bg mr-2">Fail</span>User should log the contact us form</div>
          <div class="status-avatar float-right mr-4">
            <i class="fa fa-paperclip"></i>
          </div>
      </div>
    </div>
        <div class="">
          <div class="card-body">
              <div class="step pass-bg" title="com.automationexercise.steps.LoginSteps.iAmOnHomepageAndVerifyTheHomepageURL()">
                <span>Given I am on homepage and verify the homepage URL</span>
      <div>
      </div>
              </div>
              <div class="step fail-bg" title="com.automationexercise.steps.RegisterSteps.clickOnContactUsButton(java.lang.String)">
                <span>When Click on 'Contact Us' button</span>
      <div>
        <textarea disabled class="code-block">org.openqa.selenium.StaleElementReferenceException: stale element reference: stale element not found
  (Session info: chrome=120.0.6099.130)
For documentation on this error, please visit: https://www.selenium.dev/documentation/webdriver/troubleshooting/errors#stale-element-reference-exception
Build info: version: '4.16.0', revision: '15400459dd*'
System info: os.name: 'Windows 11', os.arch: 'amd64', os.version: '10.0', java.version: '17.0.8'
Driver info: org.openqa.selenium.chrome.ChromeDriver
Command: [a1a3ff355e7028840bd83738ba64c39f, clickElement {id=778F3AD0903ACB59D07371B2AC12A903_element_16}]
Capabilities {acceptInsecureCerts: false, browserName: chrome, browserVersion: 120.0.6099.130, chrome: {chromedriverVersion: 120.0.6099.109 (3419140ab66..., userDataDir: C:\Users\rajat\AppData\Loca...}, fedcm:accounts: true, goog:chromeOptions: {debuggerAddress: localhost:53450}, networkConnectionEnabled: false, pageLoadStrategy: normal, platformName: windows, proxy: Proxy(), se:cdp: ws://localhost:53450/devtoo..., se:cdpVersion: 120.0.6099.130, setWindowRect: true, strictFileInteractability: false, timeouts: {implicit: 0, pageLoad: 300000, script: 30000}, unhandledPromptBehavior: dismiss and notify, webauthn:extension:credBlob: true, webauthn:extension:largeBlob: true, webauthn:extension:minPinLength: true, webauthn:extension:prf: true, webauthn:virtualAuthenticators: true}
Element: [[ChromeDriver: chrome on windows (a1a3ff355e7028840bd83738ba64c39f)] -> xpath: //a[normalize-space()='Contact us']]
Session ID: a1a3ff355e7028840bd83738ba64c39f
	at java.base/jdk.internal.reflect.NativeConstructorAccessorImpl.newInstance0(Native Method)
	at java.base/jdk.internal.reflect.NativeConstructorAccessorImpl.newInstance(NativeConstructorAccessorImpl.java:77)
	at java.base/jdk.internal.reflect.DelegatingConstructorAccessorImpl.newInstance(DelegatingConstructorAccessorImpl.java:45)
	at java.base/java.lang.reflect.Constructor.newInstanceWithCaller(Constructor.java:499)
	at java.base/java.lang.reflect.Constructor.newInstance(Constructor.java:480)
	at org.openqa.selenium.remote.codec.w3c.W3CHttpResponseCodec.createException(W3CHttpResponseCodec.java:200)
	at org.openqa.selenium.remote.codec.w3c.W3CHttpResponseCodec.decode(W3CHttpResponseCodec.java:133)
	at org.openqa.selenium.remote.codec.w3c.W3CHttpResponseCodec.decode(W3CHttpResponseCodec.java:52)
	at org.openqa.selenium.remote.HttpCommandExecutor.execute(HttpCommandExecutor.java:191)
	at org.openqa.selenium.remote.service.DriverCommandExecutor.invokeExecute(DriverCommandExecutor.java:200)
	at org.openqa.selenium.remote.service.DriverCommandExecutor.execute(DriverCommandExecutor.java:175)
	at org.openqa.selenium.remote.RemoteWebDriver.execute(RemoteWebDriver.java:523)
	at org.openqa.selenium.remote.RemoteWebElement.execute(RemoteWebElement.java:224)
	at org.openqa.selenium.remote.RemoteWebElement.click(RemoteWebElement.java:77)
	at jdk.internal.reflect.GeneratedMethodAccessor96.invoke(Unknown Source)
	at java.base/jdk.internal.reflect.DelegatingMethodAccessorImpl.invoke(DelegatingMethodAccessorImpl.java:43)
	at java.base/java.lang.reflect.Method.invoke(Method.java:568)
	at org.openqa.selenium.support.pagefactory.internal.LocatingElementHandler.invoke(LocatingElementHandler.java:51)
	at jdk.proxy2/jdk.proxy2.$Proxy29.click(Unknown Source)
	at com.automationexercise.utility.Utility.clickOnElement(Utility.java:52)
	at com.automationexercise.pages.ContactUsPage.clickOnContactUs(ContactUsPage.java:62)
	at com.automationexercise.steps.RegisterSteps.clickOnContactUsButton(RegisterSteps.java:58)
	at ✽.Click on 'Contact Us' button(file:///C:/Users/rajat/IdeaProjects/automationexercise-cucumber-hw-7/src/test/resources/feature/Register.feature:19)
</textarea>
      
      </div>
              </div>
              <div class="step skip-bg" title="com.automationexercise.steps.RegisterSteps.verifyContactUsTextIsDisplayed(java.lang.String)">
                <span>And Verify 'contact us' text is displayed</span>
      <div>Step skipped
      </div>
              </div>
              <div class="step skip-bg" title="com.automationexercise.steps.RegisterSteps.verifyGETINTOUCHShouldSee(java.lang.String)">
                <span>Then Verify 'GET IN TOUCH' should see</span>
      <div>Step skipped
      </div>
              </div>
              <div class="step skip-bg" title="com.automationexercise.steps.RegisterSteps.iEnterNameToNameField(java.lang.String)">
                <span>And I enter 'name' to name field</span>
      <div>Step skipped
      </div>
              </div>
              <div class="step skip-bg" title="com.automationexercise.steps.RegisterSteps.iEnterEmailToEmailField(java.lang.String)">
                <span>And I enter 'email' to email field</span>
      <div>Step skipped
      </div>
              </div>
              <div class="step skip-bg" title="com.automationexercise.steps.RegisterSteps.iEnterSubjectToSubjectField(java.lang.String)">
                <span>And I enter 'subject' to subject field</span>
      <div>Step skipped
      </div>
              </div>
              <div class="step skip-bg" title="com.automationexercise.steps.RegisterSteps.iEnterMessageToMessageField(java.lang.String)">
                <span>And I enter 'message' to message field</span>
      <div>Step skipped
      </div>
              </div>
              <div class="step skip-bg" title="com.automationexercise.steps.RegisterSteps.iUploadFile()">
                <span>And I upload file</span>
      <div>Step skipped
      </div>
              </div>
              <div class="step skip-bg" title="com.automationexercise.steps.RegisterSteps.iClickOnSubmitButton()">
                <span>And I click on submit button</span>
      <div>Step skipped
      </div>
              </div>
              <div class="step skip-bg" title="com.automationexercise.steps.RegisterSteps.iClickOnOkButtonPopup()">
                <span>And I click on ok button popup</span>
      <div>Step skipped
      </div>
              </div>
              <div class="step skip-bg" title="com.automationexercise.steps.RegisterSteps.iShouldSeeTheSuccessMessage(java.lang.String)">
                <span>Then I should see the success message "Success! Your details have been submitted successfully."</span>
      <div>Step skipped
      </div>
              </div>
              <div class="step skip-bg" title="com.automationexercise.steps.RegisterSteps.iClickOnHomeButton()">
                <span>And I click on home button</span>
      <div>Step skipped
      </div>
              </div>
              <div class="step pass-bg" title="AFTER">
                <span>com.automationexercise.steps.Hooks.tearDown(io.cucumber.java.Scenario)</span>
      <div>User should log the contact us form
          <div class="row mb-3"><div class="col-md-3">
<img data-featherlight='../screenshots/embedded5.png' src="../screenshots/embedded5.png">
    
    </div></div>
</div>
      <div>
      </div>
              </div>
          </div>
        </div>
  </div>
  <div class="card">
    <div class="card-header" role="tab">
      <div class="card-title">
        <div class="node" id="92"><span class="badge log fail-bg mr-2">Fail</span>User able to verify Test Page</div>
          <div class="status-avatar float-right mr-4">
            <i class="fa fa-paperclip"></i>
          </div>
      </div>
    </div>
        <div class="">
          <div class="card-body">
              <div class="step pass-bg" title="com.automationexercise.steps.LoginSteps.iAmOnHomepageAndVerifyTheHomepageURL()">
                <span>Given I am on homepage and verify the homepage URL</span>
      <div>
      </div>
              </div>
              <div class="step fail-bg" title="com.automationexercise.steps.RegisterSteps.iClickOnTestCases(java.lang.String)">
                <span>When I click on 'Test Cases'</span>
      <div>
        <textarea disabled class="code-block">org.openqa.selenium.ElementClickInterceptedException: element click intercepted: Element <a href="/test_cases">...</a> is not clickable at point (1051, 40). Other element would receive the click: <iframe id="aswift_6" name="aswift_6" style="width: 100vw !important; height: 100vh !important; inset: 0px auto auto 0px !important; position: absolute !important; clear: none !important; display: inline !important; float: none !important; margin: 0px !important; max-height: none !important; max-width: none !important; opacity: 1 !important; overflow: visible !important; padding: 0px !important; vertical-align: baseline !important; visibility: visible !important; z-index: auto !important;" sandbox="allow-forms allow-popups allow-popups-to-escape-sandbox allow-same-origin allow-scripts allow-top-navigation-by-user-activation" width="" height="" frameborder="0" marginwidth="0" marginheight="0" vspace="0" hspace="0" allowtransparency="true" scrolling="no" src="https://googleads.g.doubleclick.net/pagead/html/r20231207/r20110914/zrt_lookup_fy2021.html?fsb=1#RS-0-&amp;adk=1812271808&amp;client=ca-pub-1677597403311019&amp;fa=8&amp;ifi=7&amp;uci=a!7" data-google-container-id="a!7" data-google-query-id="CL-plt-RuoMDFRxNDwIdi30CQA" data-load-complete="true"></iframe>
  (Session info: chrome=120.0.6099.130)
Build info: version: '4.16.0', revision: '15400459dd*'
System info: os.name: 'Windows 11', os.arch: 'amd64', os.version: '10.0', java.version: '17.0.8'
Driver info: org.openqa.selenium.chrome.ChromeDriver
Command: [0b82221e7a3dc5aa5f0b0e6c3f53774d, clickElement {id=1A5F8749C75367C392CF34D363E9B4E7_element_24}]
Capabilities {acceptInsecureCerts: false, browserName: chrome, browserVersion: 120.0.6099.130, chrome: {chromedriverVersion: 120.0.6099.109 (3419140ab66..., userDataDir: C:\Users\rajat\AppData\Loca...}, fedcm:accounts: true, goog:chromeOptions: {debuggerAddress: localhost:53496}, networkConnectionEnabled: false, pageLoadStrategy: normal, platformName: windows, proxy: Proxy(), se:cdp: ws://localhost:53496/devtoo..., se:cdpVersion: 120.0.6099.130, setWindowRect: true, strictFileInteractability: false, timeouts: {implicit: 0, pageLoad: 300000, script: 30000}, unhandledPromptBehavior: dismiss and notify, webauthn:extension:credBlob: true, webauthn:extension:largeBlob: true, webauthn:extension:minPinLength: true, webauthn:extension:prf: true, webauthn:virtualAuthenticators: true}
Element: [[ChromeDriver: chrome on windows (0b82221e7a3dc5aa5f0b0e6c3f53774d)] -> css selector: a[href='/test_cases']]
Session ID: 0b82221e7a3dc5aa5f0b0e6c3f53774d
	at java.base/jdk.internal.reflect.NativeConstructorAccessorImpl.newInstance0(Native Method)
	at java.base/jdk.internal.reflect.NativeConstructorAccessorImpl.newInstance(NativeConstructorAccessorImpl.java:77)
	at java.base/jdk.internal.reflect.DelegatingConstructorAccessorImpl.newInstance(DelegatingConstructorAccessorImpl.java:45)
	at java.base/java.lang.reflect.Constructor.newInstanceWithCaller(Constructor.java:499)
	at java.base/java.lang.reflect.Constructor.newInstance(Constructor.java:480)
	at org.openqa.selenium.remote.codec.w3c.W3CHttpResponseCodec.createException(W3CHttpResponseCodec.java:200)
	at org.openqa.selenium.remote.codec.w3c.W3CHttpResponseCodec.decode(W3CHttpResponseCodec.java:133)
	at org.openqa.selenium.remote.codec.w3c.W3CHttpResponseCodec.decode(W3CHttpResponseCodec.java:52)
	at org.openqa.selenium.remote.HttpCommandExecutor.execute(HttpCommandExecutor.java:191)
	at org.openqa.selenium.remote.service.DriverCommandExecutor.invokeExecute(DriverCommandExecutor.java:200)
	at org.openqa.selenium.remote.service.DriverCommandExecutor.execute(DriverCommandExecutor.java:175)
	at org.openqa.selenium.remote.RemoteWebDriver.execute(RemoteWebDriver.java:523)
	at org.openqa.selenium.remote.RemoteWebElement.execute(RemoteWebElement.java:224)
	at org.openqa.selenium.remote.RemoteWebElement.click(RemoteWebElement.java:77)
	at jdk.internal.reflect.GeneratedMethodAccessor96.invoke(Unknown Source)
	at java.base/jdk.internal.reflect.DelegatingMethodAccessorImpl.invoke(DelegatingMethodAccessorImpl.java:43)
	at java.base/java.lang.reflect.Method.invoke(Method.java:568)
	at org.openqa.selenium.support.pagefactory.internal.LocatingElementHandler.invoke(LocatingElementHandler.java:51)
	at jdk.proxy2/jdk.proxy2.$Proxy29.click(Unknown Source)
	at com.automationexercise.utility.Utility.clickOnElement(Utility.java:52)
	at com.automationexercise.pages.TestCasePage.clickOnTestCases(TestCasePage.java:25)
	at com.automationexercise.steps.RegisterSteps.iClickOnTestCases(RegisterSteps.java:121)
	at ✽.I click on 'Test Cases'(file:///C:/Users/rajat/IdeaProjects/automationexercise-cucumber-hw-7/src/test/resources/feature/Register.feature:34)
</textarea>
      
      </div>
              </div>
              <div class="step skip-bg" title="com.automationexercise.steps.RegisterSteps.iAmOnTextCasesPageAndVerifyTheTestCasesURL(java.lang.String)">
                <span>Then I am on text cases page and verify the test-cases URL "https://automationexercise.com/test_cases"</span>
      <div>Step skipped
      </div>
              </div>
              <div class="step pass-bg" title="AFTER">
                <span>com.automationexercise.steps.Hooks.tearDown(io.cucumber.java.Scenario)</span>
      <div>User able to verify Test Page
          <div class="row mb-3"><div class="col-md-3">
<img data-featherlight='../screenshots/embedded6.png' src="../screenshots/embedded6.png">
    
    </div></div>
</div>
      <div>
      </div>
              </div>
          </div>
        </div>
  </div>
  <div class="card">
    <div class="card-header" role="tab">
      <div class="card-title">
        <div class="node" id="98"><span class="badge log fail-bg mr-2">Fail</span>User should place Order: Register while Checkout</div>
          <div class="status-avatar float-right mr-4">
            <i class="fa fa-paperclip"></i>
          </div>
      </div>
    </div>
        <div class="">
          <div class="card-body">
              <div class="step pass-bg" title="com.automationexercise.steps.LoginSteps.iAmOnHomepageAndVerifyTheHomepageURL()">
                <span>Given I am on homepage and verify the homepage URL</span>
      <div>
      </div>
              </div>
              <div class="step pass-bg" title="com.automationexercise.steps.ProductSteps.iAddProductToTheCart(java.lang.String)">
                <span>When I add product "Blue Top" to the cart</span>
      <div>
      </div>
              </div>
              <div class="step pass-bg" title="com.automationexercise.steps.ProductSteps.iClickOnViewCartInPopup()">
                <span>And I click on view cart in popup</span>
      <div>
      </div>
              </div>
              <div class="step pass-bg" title="com.automationexercise.steps.RegisterSteps.iShouldSeeTheWelcomeTextOnShoppingCartPage(java.lang.String)">
                <span>And I should see the welcome text on shopping cart page "Shopping Cart"</span>
      <div>
      </div>
              </div>
              <div class="step pass-bg" title="com.automationexercise.steps.RegisterSteps.iClickOnProceedToCheckoutButton()">
                <span>And I click on Proceed to Checkout button</span>
      <div>
      </div>
              </div>
              <div class="step pass-bg" title="com.automationexercise.steps.RegisterSteps.iClickOnRegisterLinkInTheCheckoutPopup()">
                <span>And I click on register link in the checkout popup</span>
      <div>
      </div>
              </div>
              <div class="step pass-bg" title="com.automationexercise.steps.RegisterSteps.iSendNameFriendsToNameField(java.lang.String)">
                <span>And I send name 'Friends' to name field</span>
      <div>
      </div>
              </div>
              <div class="step pass-bg" title="com.automationexercise.steps.RegisterSteps.iSendExistingEmailToEmailField(java.lang.String)">
                <span>And I send existing 'email' to email field</span>
      <div>
      </div>
              </div>
              <div class="step pass-bg" title="com.automationexercise.steps.RegisterSteps.iAbleToClickOnSignupButton()">
                <span>And I able to click on signup button</span>
      <div>
      </div>
              </div>
              <div class="step fail-bg" title="com.automationexercise.steps.LoginSteps.iFillAllDetailsInSignupPage(java.lang.String,java.lang.String,java.lang.String,java.lang.String,java.lang.String,java.lang.String,java.lang.String,java.lang.String,java.lang.String,java.lang.String,java.lang.String,java.lang.String,java.lang.String,java.lang.String)">
                <span>And I fill all details in signup page "Mrs" "Friends244@gmail.com" "10" "June" "1998" "Friends" "Smith" "Raja Park" "Jaipur" "India" "Rajasthan" "Jaipur" "302004" "0985645678"</span>
      <div>
        <textarea disabled class="code-block">org.openqa.selenium.NoSuchElementException: no such element: Unable to locate element: {"method":"css selector","selector":"#id_gender2"}
  (Session info: chrome=120.0.6099.130)
For documentation on this error, please visit: https://www.selenium.dev/documentation/webdriver/troubleshooting/errors#no-such-element-exception
Build info: version: '4.16.0', revision: '15400459dd*'
System info: os.name: 'Windows 11', os.arch: 'amd64', os.version: '10.0', java.version: '17.0.8'
Driver info: org.openqa.selenium.chrome.ChromeDriver
Command: [e7f97b2a5f89ca1bfeef3575f2234a27, findElement {using=id, value=id_gender2}]
Capabilities {acceptInsecureCerts: false, browserName: chrome, browserVersion: 120.0.6099.130, chrome: {chromedriverVersion: 120.0.6099.109 (3419140ab66..., userDataDir: C:\Users\rajat\AppData\Loca...}, fedcm:accounts: true, goog:chromeOptions: {debuggerAddress: localhost:53540}, networkConnectionEnabled: false, pageLoadStrategy: normal, platformName: windows, proxy: Proxy(), se:cdp: ws://localhost:53540/devtoo..., se:cdpVersion: 120.0.6099.130, setWindowRect: true, strictFileInteractability: false, timeouts: {implicit: 0, pageLoad: 300000, script: 30000}, unhandledPromptBehavior: dismiss and notify, webauthn:extension:credBlob: true, webauthn:extension:largeBlob: true, webauthn:extension:minPinLength: true, webauthn:extension:prf: true, webauthn:virtualAuthenticators: true}
Session ID: e7f97b2a5f89ca1bfeef3575f2234a27
	at java.base/jdk.internal.reflect.NativeConstructorAccessorImpl.newInstance0(Native Method)
	at java.base/jdk.internal.reflect.NativeConstructorAccessorImpl.newInstance(NativeConstructorAccessorImpl.java:77)
	at java.base/jdk.internal.reflect.DelegatingConstructorAccessorImpl.newInstance(DelegatingConstructorAccessorImpl.java:45)
	at java.base/java.lang.reflect.Constructor.newInstanceWithCaller(Constructor.java:499)
	at java.base/java.lang.reflect.Constructor.newInstance(Constructor.java:480)
	at org.openqa.selenium.remote.codec.w3c.W3CHttpResponseCodec.createException(W3CHttpResponseCodec.java:200)
	at org.openqa.selenium.remote.codec.w3c.W3CHttpResponseCodec.decode(W3CHttpResponseCodec.java:133)
	at org.openqa.selenium.remote.codec.w3c.W3CHttpResponseCodec.decode(W3CHttpResponseCodec.java:52)
	at org.openqa.selenium.remote.HttpCommandExecutor.execute(HttpCommandExecutor.java:191)
	at org.openqa.selenium.remote.service.DriverCommandExecutor.invokeExecute(DriverCommandExecutor.java:200)
	at org.openqa.selenium.remote.service.DriverCommandExecutor.execute(DriverCommandExecutor.java:175)
	at org.openqa.selenium.remote.RemoteWebDriver.execute(RemoteWebDriver.java:523)
	at org.openqa.selenium.remote.ElementLocation$ElementFinder$2.findElement(ElementLocation.java:165)
	at org.openqa.selenium.remote.ElementLocation.findElement(ElementLocation.java:66)
	at org.openqa.selenium.remote.RemoteWebDriver.findElement(RemoteWebDriver.java:360)
	at org.openqa.selenium.remote.RemoteWebDriver.findElement(RemoteWebDriver.java:354)
	at org.openqa.selenium.support.pagefactory.DefaultElementLocator.findElement(DefaultElementLocator.java:68)
	at org.openqa.selenium.support.pagefactory.internal.LocatingElementHandler.invoke(LocatingElementHandler.java:38)
	at jdk.proxy2/jdk.proxy2.$Proxy29.click(Unknown Source)
	at com.automationexercise.utility.Utility.clickOnElement(Utility.java:52)
	at com.automationexercise.pages.LoginPage.sendDataToSignupForm(LoginPage.java:149)
	at com.automationexercise.steps.LoginSteps.iFillAllDetailsInSignupPage(LoginSteps.java:59)
	at ✽.I fill all details in signup page "Mrs" "Friends244@gmail.com" "10" "June" "1998" "Friends" "Smith" "Raja Park" "Jaipur" "India" "Rajasthan" "Jaipur" "302004" "0985645678"(file:///C:/Users/rajat/IdeaProjects/automationexercise-cucumber-hw-7/src/test/resources/feature/Register.feature:48)
</textarea>
      
      </div>
              </div>
              <div class="step skip-bg" title="com.automationexercise.steps.LoginSteps.clickCreateAccountButton(java.lang.String)">
                <span>And Click 'Create Account button'</span>
      <div>Step skipped
      </div>
              </div>
              <div class="step skip-bg" title="com.automationexercise.steps.LoginSteps.verifyThatACCOUNTCREATEDIsDisplayed(java.lang.String)">
                <span>Then Verify that 'ACCOUNT CREATED!' is Displayed</span>
      <div>Step skipped
      </div>
              </div>
              <div class="step skip-bg" title="com.automationexercise.steps.LoginSteps.clickContinueButton()">
                <span>And Click Continue button</span>
      <div>Step skipped
      </div>
              </div>
              <div class="step skip-bg" title="com.automationexercise.steps.LoginSteps.verifyThatLoggedInAsUsernameIsDisplayed(java.lang.String)">
                <span>And Verify that 'Logged in as username' is displayed</span>
      <div>Step skipped
      </div>
              </div>
              <div class="step skip-bg" title="com.automationexercise.steps.HomeSteps.iClickOnCartOption(java.lang.String)">
                <span>And I click on 'cart' option</span>
      <div>Step skipped
      </div>
              </div>
              <div class="step skip-bg" title="com.automationexercise.steps.RegisterSteps.iClickOnProceedToCheckoutButton()">
                <span>And I click on Proceed to Checkout button</span>
      <div>Step skipped
      </div>
              </div>
              <div class="step skip-bg" title="com.automationexercise.steps.RegisterSteps.iShouldSeeTheTextOnCheckoutPage(java.lang.String)">
                <span>And I should see the text on checkout page "Review Your Order"</span>
      <div>Step skipped
      </div>
              </div>
              <div class="step skip-bg" title="com.automationexercise.steps.RegisterSteps.iShouldSeeTheTextOnCheckoutPage(java.lang.String)">
                <span>And I should see the text on checkout page "Address Details"</span>
      <div>Step skipped
      </div>
              </div>
              <div class="step skip-bg" title="com.automationexercise.steps.RegisterSteps.iEnterDetailsIntoCommentArea(java.lang.String)">
                <span>And I enter details into comment area "Please deliver it on time."</span>
      <div>Step skipped
      </div>
              </div>
              <div class="step skip-bg" title="com.automationexercise.steps.RegisterSteps.iClickOnPlaceOrderButton()">
                <span>And I click on place order button</span>
      <div>Step skipped
      </div>
              </div>
              <div class="step skip-bg" title="com.automationexercise.steps.RegisterSteps.iEnterPaymentDetailsAnd(java.lang.String,java.lang.String,java.lang.String,java.lang.String,java.lang.String)">
                <span>And I enter payment details "Friends Smith" "4233382630269399" "887" "02" and "2025"</span>
      <div>Step skipped
      </div>
              </div>
              <div class="step skip-bg" title="com.automationexercise.steps.RegisterSteps.iClickOnPayAndConfirmOrderButton()">
                <span>And I click on Pay and Confirm Order button</span>
      <div>Step skipped
      </div>
              </div>
              <div class="step skip-bg" title="com.automationexercise.steps.RegisterSteps.iShouldSeeTheOrderConfirmationMessage(java.lang.String)">
                <span>Then I should see the order confirmation message "Congratulations! Your order has been confirmed!"</span>
      <div>Step skipped
      </div>
              </div>
              <div class="step pass-bg" title="AFTER">
                <span>com.automationexercise.steps.Hooks.tearDown(io.cucumber.java.Scenario)</span>
      <div>User should place Order: Register while Checkout
          <div class="row mb-3"><div class="col-md-3">
<img data-featherlight='../screenshots/embedded7.png' src="../screenshots/embedded7.png">
    
    </div></div>
</div>
      <div>
      </div>
              </div>
          </div>
        </div>
  </div>
  <div class="card">
    <div class="card-header" role="tab">
      <div class="card-title">
        <div class="node" id="124"><span class="badge log fail-bg mr-2">Fail</span>User should Place Order: Register before Checkout</div>
          <div class="status-avatar float-right mr-4">
            <i class="fa fa-paperclip"></i>
          </div>
      </div>
    </div>
        <div class="">
          <div class="card-body">
              <div class="step pass-bg" title="com.automationexercise.steps.LoginSteps.iAmOnHomepageAndVerifyTheHomepageURL()">
                <span>Given I am on homepage and verify the homepage URL</span>
      <div>
      </div>
              </div>
              <div class="step pass-bg" title="com.automationexercise.steps.LoginSteps.clickSignupButton(java.lang.String)">
                <span>When Click 'Signup' button</span>
      <div>
      </div>
              </div>
              <div class="step pass-bg" title="com.automationexercise.steps.RegisterSteps.iSendNameFriendsToNameField(java.lang.String)">
                <span>Then I send name 'Friends' to name field</span>
      <div>
      </div>
              </div>
              <div class="step pass-bg" title="com.automationexercise.steps.RegisterSteps.iSendExistingEmailToEmailField(java.lang.String)">
                <span>And I send existing 'email' to email field</span>
      <div>
      </div>
              </div>
              <div class="step pass-bg" title="com.automationexercise.steps.RegisterSteps.iAbleToClickOnSignupButton()">
                <span>And I able to click on signup button</span>
      <div>
      </div>
              </div>
              <div class="step fail-bg" title="com.automationexercise.steps.LoginSteps.iFillAllDetailsInSignupPage(java.lang.String,java.lang.String,java.lang.String,java.lang.String,java.lang.String,java.lang.String,java.lang.String,java.lang.String,java.lang.String,java.lang.String,java.lang.String,java.lang.String,java.lang.String,java.lang.String)">
                <span>And I fill all details in signup page "Mrs" "Friends244@gmail.com" "10" "June" "1998" "Friends" "Smith" "Raja Park" "Jaipur" "India" "Rajasthan" "Jaipur" "302004" "0985645678"</span>
      <div>
        <textarea disabled class="code-block">org.openqa.selenium.NoSuchElementException: no such element: Unable to locate element: {"method":"css selector","selector":"#id_gender2"}
  (Session info: chrome=120.0.6099.130)
For documentation on this error, please visit: https://www.selenium.dev/documentation/webdriver/troubleshooting/errors#no-such-element-exception
Build info: version: '4.16.0', revision: '15400459dd*'
System info: os.name: 'Windows 11', os.arch: 'amd64', os.version: '10.0', java.version: '17.0.8'
Driver info: org.openqa.selenium.chrome.ChromeDriver
Command: [82d7eaea8779fc7388e3fe204080d8f5, findElement {using=id, value=id_gender2}]
Capabilities {acceptInsecureCerts: false, browserName: chrome, browserVersion: 120.0.6099.130, chrome: {chromedriverVersion: 120.0.6099.109 (3419140ab66..., userDataDir: C:\Users\rajat\AppData\Loca...}, fedcm:accounts: true, goog:chromeOptions: {debuggerAddress: localhost:53596}, networkConnectionEnabled: false, pageLoadStrategy: normal, platformName: windows, proxy: Proxy(), se:cdp: ws://localhost:53596/devtoo..., se:cdpVersion: 120.0.6099.130, setWindowRect: true, strictFileInteractability: false, timeouts: {implicit: 0, pageLoad: 300000, script: 30000}, unhandledPromptBehavior: dismiss and notify, webauthn:extension:credBlob: true, webauthn:extension:largeBlob: true, webauthn:extension:minPinLength: true, webauthn:extension:prf: true, webauthn:virtualAuthenticators: true}
Session ID: 82d7eaea8779fc7388e3fe204080d8f5
	at java.base/jdk.internal.reflect.NativeConstructorAccessorImpl.newInstance0(Native Method)
	at java.base/jdk.internal.reflect.NativeConstructorAccessorImpl.newInstance(NativeConstructorAccessorImpl.java:77)
	at java.base/jdk.internal.reflect.DelegatingConstructorAccessorImpl.newInstance(DelegatingConstructorAccessorImpl.java:45)
	at java.base/java.lang.reflect.Constructor.newInstanceWithCaller(Constructor.java:499)
	at java.base/java.lang.reflect.Constructor.newInstance(Constructor.java:480)
	at org.openqa.selenium.remote.codec.w3c.W3CHttpResponseCodec.createException(W3CHttpResponseCodec.java:200)
	at org.openqa.selenium.remote.codec.w3c.W3CHttpResponseCodec.decode(W3CHttpResponseCodec.java:133)
	at org.openqa.selenium.remote.codec.w3c.W3CHttpResponseCodec.decode(W3CHttpResponseCodec.java:52)
	at org.openqa.selenium.remote.HttpCommandExecutor.execute(HttpCommandExecutor.java:191)
	at org.openqa.selenium.remote.service.DriverCommandExecutor.invokeExecute(DriverCommandExecutor.java:200)
	at org.openqa.selenium.remote.service.DriverCommandExecutor.execute(DriverCommandExecutor.java:175)
	at org.openqa.selenium.remote.RemoteWebDriver.execute(RemoteWebDriver.java:523)
	at org.openqa.selenium.remote.ElementLocation$ElementFinder$2.findElement(ElementLocation.java:165)
	at org.openqa.selenium.remote.ElementLocation.findElement(ElementLocation.java:66)
	at org.openqa.selenium.remote.RemoteWebDriver.findElement(RemoteWebDriver.java:360)
	at org.openqa.selenium.remote.RemoteWebDriver.findElement(RemoteWebDriver.java:354)
	at org.openqa.selenium.support.pagefactory.DefaultElementLocator.findElement(DefaultElementLocator.java:68)
	at org.openqa.selenium.support.pagefactory.internal.LocatingElementHandler.invoke(LocatingElementHandler.java:38)
	at jdk.proxy2/jdk.proxy2.$Proxy29.click(Unknown Source)
	at com.automationexercise.utility.Utility.clickOnElement(Utility.java:52)
	at com.automationexercise.pages.LoginPage.sendDataToSignupForm(LoginPage.java:149)
	at com.automationexercise.steps.LoginSteps.iFillAllDetailsInSignupPage(LoginSteps.java:59)
	at ✽.I fill all details in signup page "Mrs" "Friends244@gmail.com" "10" "June" "1998" "Friends" "Smith" "Raja Park" "Jaipur" "India" "Rajasthan" "Jaipur" "302004" "0985645678"(file:///C:/Users/rajat/IdeaProjects/automationexercise-cucumber-hw-7/src/test/resources/feature/Register.feature:73)
</textarea>
      
      </div>
              </div>
              <div class="step skip-bg" title="com.automationexercise.steps.LoginSteps.clickCreateAccountButton(java.lang.String)">
                <span>And Click 'Create Account button'</span>
      <div>Step skipped
      </div>
              </div>
              <div class="step skip-bg" title="com.automationexercise.steps.LoginSteps.verifyThatACCOUNTCREATEDIsDisplayed(java.lang.String)">
                <span>And Verify that 'ACCOUNT CREATED!' is Displayed</span>
      <div>Step skipped
      </div>
              </div>
              <div class="step skip-bg" title="com.automationexercise.steps.LoginSteps.clickContinueButton()">
                <span>And Click Continue button</span>
      <div>Step skipped
      </div>
              </div>
              <div class="step skip-bg" title="com.automationexercise.steps.LoginSteps.verifyThatLoggedInAsUsernameIsDisplayed(java.lang.String)">
                <span>And Verify that 'Logged in as username' is displayed</span>
      <div>Step skipped
      </div>
              </div>
              <div class="step skip-bg" title="com.automationexercise.steps.ProductSteps.iAddProductToTheCart(java.lang.String)">
                <span>And I add product "Blue Top" to the cart</span>
      <div>Step skipped
      </div>
              </div>
              <div class="step skip-bg" title="com.automationexercise.steps.ProductSteps.iClickOnViewCartInPopup()">
                <span>And I click on view cart in popup</span>
      <div>Step skipped
      </div>
              </div>
              <div class="step skip-bg" title="com.automationexercise.steps.RegisterSteps.iShouldSeeTheWelcomeTextOnShoppingCartPage(java.lang.String)">
                <span>And I should see the welcome text on shopping cart page "Shopping Cart"</span>
      <div>Step skipped
      </div>
              </div>
              <div class="step skip-bg" title="com.automationexercise.steps.RegisterSteps.iClickOnProceedToCheckoutButton()">
                <span>And I click on Proceed to Checkout button</span>
      <div>Step skipped
      </div>
              </div>
              <div class="step skip-bg" title="com.automationexercise.steps.RegisterSteps.iShouldSeeTheTextOnCheckoutPage(java.lang.String)">
                <span>And I should see the text on checkout page "Review Your Order"</span>
      <div>Step skipped
      </div>
              </div>
              <div class="step skip-bg" title="com.automationexercise.steps.RegisterSteps.iShouldSeeTheTextOnCheckoutPage(java.lang.String)">
                <span>And I should see the text on checkout page "Address Details"</span>
      <div>Step skipped
      </div>
              </div>
              <div class="step skip-bg" title="com.automationexercise.steps.RegisterSteps.iEnterDetailsIntoCommentArea(java.lang.String)">
                <span>And I enter details into comment area "Please deliver it on time."</span>
      <div>Step skipped
      </div>
              </div>
              <div class="step skip-bg" title="com.automationexercise.steps.RegisterSteps.iClickOnPlaceOrderButton()">
                <span>And I click on place order button</span>
      <div>Step skipped
      </div>
              </div>
              <div class="step skip-bg" title="com.automationexercise.steps.RegisterSteps.iEnterPaymentDetailsAnd(java.lang.String,java.lang.String,java.lang.String,java.lang.String,java.lang.String)">
                <span>And I enter payment details "Friends Smith" "4233382630269399" "887" "02" and "2025"</span>
      <div>Step skipped
      </div>
              </div>
              <div class="step skip-bg" title="com.automationexercise.steps.RegisterSteps.iClickOnPayAndConfirmOrderButton()">
                <span>And I click on Pay and Confirm Order button</span>
      <div>Step skipped
      </div>
              </div>
              <div class="step skip-bg" title="com.automationexercise.steps.RegisterSteps.iShouldSeeTheOrderConfirmationMessage(java.lang.String)">
                <span>Then I should see the order confirmation message "Congratulations! Your order has been confirmed!"</span>
      <div>Step skipped
      </div>
              </div>
              <div class="step pass-bg" title="AFTER">
                <span>com.automationexercise.steps.Hooks.tearDown(io.cucumber.java.Scenario)</span>
      <div>User should Place Order: Register before Checkout
          <div class="row mb-3"><div class="col-md-3">
<img data-featherlight='../screenshots/embedded8.png' src="../screenshots/embedded8.png">
    
    </div></div>
</div>
      <div>
      </div>
              </div>
          </div>
        </div>
  </div>
  <div class="card">
    <div class="card-header" role="tab">
      <div class="card-title">
        <div class="node" id="148"><span class="badge log fail-bg mr-2">Fail</span>User should place the order successfully : Login before Checkout</div>
          <div class="status-avatar float-right mr-4">
            <i class="fa fa-paperclip"></i>
          </div>
      </div>
    </div>
        <div class="">
          <div class="card-body">
              <div class="step pass-bg" title="com.automationexercise.steps.LoginSteps.iAmOnHomepageAndVerifyTheHomepageURL()">
                <span>Given I am on homepage and verify the homepage URL</span>
      <div>
      </div>
              </div>
              <div class="step pass-bg" title="com.automationexercise.steps.LoginSteps.clickSignupButton(java.lang.String)">
                <span>When Click 'Signup' button</span>
      <div>
      </div>
              </div>
              <div class="step pass-bg" title="com.automationexercise.steps.LoginSteps.verifyLoginToYourAccountIsDisplayed(java.lang.String)">
                <span>Then Verify 'Login to your account' is displayed</span>
      <div>
      </div>
              </div>
              <div class="step pass-bg" title="com.automationexercise.steps.LoginSteps.iEnterCorrectEmailForLogin(java.lang.String)">
                <span>And I Enter correct 'email' for login</span>
      <div>
      </div>
              </div>
              <div class="step pass-bg" title="com.automationexercise.steps.LoginSteps.iEnterCorrectPasswordForLogin(java.lang.String)">
                <span>And I enter correct 'password' for login</span>
      <div>
      </div>
              </div>
              <div class="step pass-bg" title="com.automationexercise.steps.LoginSteps.clickLoginTab(java.lang.String)">
                <span>And Click 'login' tab</span>
      <div>
      </div>
              </div>
              <div class="step fail-bg" title="com.automationexercise.steps.LoginSteps.verifyThatLoggedInAsUsernameIsDisplayed(java.lang.String)">
                <span>And Verify that 'Logged in as username' is displayed</span>
      <div>
        <textarea disabled class="code-block">org.openqa.selenium.NoSuchElementException: no such element: Unable to locate element: {"method":"css selector","selector":"li:nth-child(10) a:nth-child(1)"}
  (Session info: chrome=120.0.6099.130)
For documentation on this error, please visit: https://www.selenium.dev/documentation/webdriver/troubleshooting/errors#no-such-element-exception
Build info: version: '4.16.0', revision: '15400459dd*'
System info: os.name: 'Windows 11', os.arch: 'amd64', os.version: '10.0', java.version: '17.0.8'
Driver info: org.openqa.selenium.chrome.ChromeDriver
Command: [25596e9fe7237f22fa8faafc7feabbb5, findElement {using=css selector, value=li:nth-child(10) a:nth-child(1)}]
Capabilities {acceptInsecureCerts: false, browserName: chrome, browserVersion: 120.0.6099.130, chrome: {chromedriverVersion: 120.0.6099.109 (3419140ab66..., userDataDir: C:\Users\rajat\AppData\Loca...}, fedcm:accounts: true, goog:chromeOptions: {debuggerAddress: localhost:53660}, networkConnectionEnabled: false, pageLoadStrategy: normal, platformName: windows, proxy: Proxy(), se:cdp: ws://localhost:53660/devtoo..., se:cdpVersion: 120.0.6099.130, setWindowRect: true, strictFileInteractability: false, timeouts: {implicit: 0, pageLoad: 300000, script: 30000}, unhandledPromptBehavior: dismiss and notify, webauthn:extension:credBlob: true, webauthn:extension:largeBlob: true, webauthn:extension:minPinLength: true, webauthn:extension:prf: true, webauthn:virtualAuthenticators: true}
Session ID: 25596e9fe7237f22fa8faafc7feabbb5
	at java.base/jdk.internal.reflect.NativeConstructorAccessorImpl.newInstance0(Native Method)
	at java.base/jdk.internal.reflect.NativeConstructorAccessorImpl.newInstance(NativeConstructorAccessorImpl.java:77)
	at java.base/jdk.internal.reflect.DelegatingConstructorAccessorImpl.newInstance(DelegatingConstructorAccessorImpl.java:45)
	at java.base/java.lang.reflect.Constructor.newInstanceWithCaller(Constructor.java:499)
	at java.base/java.lang.reflect.Constructor.newInstance(Constructor.java:480)
	at org.openqa.selenium.remote.codec.w3c.W3CHttpResponseCodec.createException(W3CHttpResponseCodec.java:200)
	at org.openqa.selenium.remote.codec.w3c.W3CHttpResponseCodec.decode(W3CHttpResponseCodec.java:133)
	at org.openqa.selenium.remote.codec.w3c.W3CHttpResponseCodec.decode(W3CHttpResponseCodec.java:52)
	at org.openqa.selenium.remote.HttpCommandExecutor.execute(HttpCommandExecutor.java:191)
	at org.openqa.selenium.remote.service.DriverCommandExecutor.invokeExecute(DriverCommandExecutor.java:200)
	at org.openqa.selenium.remote.service.DriverCommandExecutor.execute(DriverCommandExecutor.java:175)
	at org.openqa.selenium.remote.RemoteWebDriver.execute(RemoteWebDriver.java:523)
	at org.openqa.selenium.remote.ElementLocation$ElementFinder$2.findElement(ElementLocation.java:165)
	at org.openqa.selenium.remote.ElementLocation.findElement(ElementLocation.java:59)
	at org.openqa.selenium.remote.RemoteWebDriver.findElement(RemoteWebDriver.java:360)
	at org.openqa.selenium.remote.RemoteWebDriver.findElement(RemoteWebDriver.java:354)
	at org.openqa.selenium.support.pagefactory.DefaultElementLocator.findElement(DefaultElementLocator.java:68)
	at org.openqa.selenium.support.pagefactory.internal.LocatingElementHandler.invoke(LocatingElementHandler.java:38)
	at jdk.proxy2/jdk.proxy2.$Proxy29.getText(Unknown Source)
	at com.automationexercise.utility.Utility.getTextFromElement(Utility.java:63)
	at com.automationexercise.pages.LoginPage.getLoggedInAsUser(LoginPage.java:198)
	at com.automationexercise.steps.LoginSteps.verifyThatLoggedInAsUsernameIsDisplayed(LoginSteps.java:87)
	at ✽.Verify that 'Logged in as username' is displayed(file:///C:/Users/rajat/IdeaProjects/automationexercise-cucumber-hw-7/src/test/resources/feature/Register.feature:100)
</textarea>
      
      </div>
              </div>
              <div class="step skip-bg" title="com.automationexercise.steps.ProductSteps.iAddProductToTheCart(java.lang.String)">
                <span>And I add product "Blue Top" to the cart</span>
      <div>Step skipped
      </div>
              </div>
              <div class="step skip-bg" title="com.automationexercise.steps.ProductSteps.iClickOnViewCartInPopup()">
                <span>And I click on view cart in popup</span>
      <div>Step skipped
      </div>
              </div>
              <div class="step skip-bg" title="com.automationexercise.steps.RegisterSteps.iShouldSeeTheWelcomeTextOnShoppingCartPage(java.lang.String)">
                <span>And I should see the welcome text on shopping cart page "Shopping Cart"</span>
      <div>Step skipped
      </div>
              </div>
              <div class="step skip-bg" title="com.automationexercise.steps.RegisterSteps.iClickOnProceedToCheckoutButton()">
                <span>And I click on Proceed to Checkout button</span>
      <div>Step skipped
      </div>
              </div>
              <div class="step skip-bg" title="com.automationexercise.steps.RegisterSteps.iShouldSeeTheTextOnCheckoutPage(java.lang.String)">
                <span>And I should see the text on checkout page "Review Your Order"</span>
      <div>Step skipped
      </div>
              </div>
              <div class="step skip-bg" title="com.automationexercise.steps.RegisterSteps.iShouldSeeTheTextOnCheckoutPage(java.lang.String)">
                <span>And I should see the text on checkout page "Address Details"</span>
      <div>Step skipped
      </div>
              </div>
              <div class="step skip-bg" title="com.automationexercise.steps.RegisterSteps.iEnterDetailsIntoCommentArea(java.lang.String)">
                <span>And I enter details into comment area "Please deliver it on time."</span>
      <div>Step skipped
      </div>
              </div>
              <div class="step skip-bg" title="com.automationexercise.steps.RegisterSteps.iClickOnPlaceOrderButton()">
                <span>And I click on place order button</span>
      <div>Step skipped
      </div>
              </div>
              <div class="step skip-bg" title="com.automationexercise.steps.RegisterSteps.iEnterPaymentDetailsAnd(java.lang.String,java.lang.String,java.lang.String,java.lang.String,java.lang.String)">
                <span>And I enter payment details "Friends Smith" "4233382630269399" "887" "02" and "2025"</span>
      <div>Step skipped
      </div>
              </div>
              <div class="step skip-bg" title="com.automationexercise.steps.RegisterSteps.iClickOnPayAndConfirmOrderButton()">
                <span>And I click on Pay and Confirm Order button</span>
      <div>Step skipped
      </div>
              </div>
              <div class="step skip-bg" title="com.automationexercise.steps.RegisterSteps.iShouldSeeTheOrderConfirmationMessage(java.lang.String)">
                <span>Then I should see the order confirmation message "Congratulations! Your order has been confirmed!"</span>
      <div>Step skipped
      </div>
              </div>
              <div class="step skip-bg" title="com.automationexercise.steps.LoginSteps.iAmAbleToClickOnLogoutTab(java.lang.String)">
                <span>And I am able to click on 'logout' tab</span>
      <div>Step skipped
      </div>
              </div>
              <div class="step pass-bg" title="AFTER">
                <span>com.automationexercise.steps.Hooks.tearDown(io.cucumber.java.Scenario)</span>
      <div>User should place the order successfully : Login before Checkout
          <div class="row mb-3"><div class="col-md-3">
<img data-featherlight='../screenshots/embedded9.png' src="../screenshots/embedded9.png">
    
    </div></div>
</div>
      <div>
      </div>
              </div>
          </div>
        </div>
  </div>
  <div class="card">
    <div class="card-header" role="tab">
      <div class="card-title">
        <div class="node" id="170"><span class="badge log pass-bg mr-2">Pass</span>User should remove the product from cart</div>
      </div>
    </div>
        <div class="collapse">
          <div class="card-body">
              <div class="step pass-bg" title="com.automationexercise.steps.LoginSteps.iAmOnHomepageAndVerifyTheHomepageURL()">
                <span>Given I am on homepage and verify the homepage URL</span>
      <div>
      </div>
              </div>
              <div class="step pass-bg" title="com.automationexercise.steps.ProductSteps.iAddProductToTheCart(java.lang.String)">
                <span>When I add product "Blue Top" to the cart</span>
      <div>
      </div>
              </div>
              <div class="step pass-bg" title="com.automationexercise.steps.ProductSteps.iClickOnViewCartInPopup()">
                <span>And I click on view cart in popup</span>
      <div>
      </div>
              </div>
              <div class="step pass-bg" title="com.automationexercise.steps.RegisterSteps.iShouldSeeTheWelcomeTextOnShoppingCartPage(java.lang.String)">
                <span>And I should see the welcome text on shopping cart page "Shopping Cart"</span>
      <div>
      </div>
              </div>
              <div class="step pass-bg" title="com.automationexercise.steps.ProductSteps.iClickOnCrossButtonToRemoveTheProductFromTheCart()">
                <span>Then I click on cross button to remove the product from the cart</span>
      <div>
      </div>
              </div>
          </div>
        </div>
  </div>
</div>
          </div>
        </li>
      </ul>
    </div>
  </div>
<div class="test-content scrollable">
<div class="test-content-tools">
<ul><li><a class="back-to-test" href="#"><i class="fa fa-arrow-left"></i></a></li></ul>
</div>
<div class="test-content-detail"><div class="detail-body"></div></div>
</div></div>
<div class="test-wrapper row view category-view attributes-view">
<div class="test-list">
<div class="test-list-tools">
<ul class="tools pull-left"><li><a href=""><span class="font-size-14">Category</span></a></li></ul>
<ul class="tools text-right"><li><a href="#"><span class="badge badge-primary">3</span></a></li></ul>
</div>
<div class="test-list-wrapper scrollable">
<ul class="test-list-item">
<li class="test-item">
<div class="test-detail">
<span class="meta">
<span class='badge log pass-bg'>3</span>
<span class='badge log badge-danger'>9</span>
</span>
<p class="name">@sanity</p>
<p class="duration text-sm">12 tests</p>
</div>
<div class="test-contents d-none">
<div class="info">
<h4>@sanity</h4>
<span status="pass" class='badge log pass-bg'>3 passed</span>
<span status="fail" class='badge log badge-danger'>9 failed</span>
</div>
<table class='table table-sm mt-4'>
<thead>
<tr>
<th class="status-col">Status</th>
<th class="timestamp-col">Timestamp</th>
<th>TestName</th>
</tr>
</thead>
<tbody>
<tr class="tag-test-status" status="fail">
<td><span class="badge log fail-bg">Fail</span></td>
<td>16:50:15 pm</td>
<td>
<a href="#" class="linked" test-id='1' id='2'>Verify that user can register successfully</a>
<div class="">
<span class="badge badge-default">Login functionality.Verify that user can register successfully</span>
</div>
</td>
</tr>
<tr class="tag-test-status" status="pass">
<td><span class="badge log pass-bg">Pass</span></td>
<td>16:51:05 pm</td>
<td>
<a href="#" class="linked" test-id='1' id='16'>User should login successfully with correct email and password</a>
<div class="">
<span class="badge badge-default">Login functionality.User should login successfully with correct email and password</span>
</div>
</td>
</tr>
<tr class="tag-test-status" status="fail">
<td><span class="badge log fail-bg">Fail</span></td>
<td>16:51:10 pm</td>
<td>
<a href="#" class="linked" test-id='1' id='25'>User should not login successfully with incorrect email and password</a>
<div class="">
<span class="badge badge-default">Login functionality.User should not login successfully with incorrect email and password</span>
</div>
</td>
</tr>
<tr class="tag-test-status" status="fail">
<td><span class="badge log fail-bg">Fail</span></td>
<td>16:51:57 pm</td>
<td>
<a href="#" class="linked" test-id='1' id='35'>User should logout successfully</a>
<div class="">
<span class="badge badge-default">Login functionality.User should logout successfully</span>
</div>
</td>
</tr>
<tr class="tag-test-status" status="fail">
<td><span class="badge log fail-bg">Fail</span></td>
<td>16:52:44 pm</td>
<td>
<a href="#" class="linked" test-id='1' id='47'>User can verify address details successfully</a>
<div class="">
<span class="badge badge-default">Login functionality.User can verify address details successfully</span>
</div>
</td>
</tr>
<tr class="tag-test-status" status="pass">
<td><span class="badge log pass-bg">Pass</span></td>
<td>16:53:32 pm</td>
<td>
<a href="#" class="linked" test-id='65' id='66'>User should register successfully</a>
<div class="">
<span class="badge badge-default">Registration functionality.User should register successfully</span>
</div>
</td>
</tr>
<tr class="tag-test-status" status="fail">
<td><span class="badge log fail-bg">Fail</span></td>
<td>16:53:39 pm</td>
<td>
<a href="#" class="linked" test-id='65' id='76'>User should log the contact us form</a>
<div class="">
<span class="badge badge-default">Registration functionality.User should log the contact us form</span>
</div>
</td>
</tr>
<tr class="tag-test-status" status="fail">
<td><span class="badge log fail-bg">Fail</span></td>
<td>16:53:45 pm</td>
<td>
<a href="#" class="linked" test-id='65' id='92'>User able to verify Test Page</a>
<div class="">
<span class="badge badge-default">Registration functionality.User able to verify Test Page</span>
</div>
</td>
</tr>
<tr class="tag-test-status" status="fail">
<td><span class="badge log fail-bg">Fail</span></td>
<td>16:53:52 pm</td>
<td>
<a href="#" class="linked" test-id='65' id='98'>User should place Order: Register while Checkout</a>
<div class="">
<span class="badge badge-default">Registration functionality.User should place Order: Register while Checkout</span>
</div>
</td>
</tr>
<tr class="tag-test-status" status="fail">
<td><span class="badge log fail-bg">Fail</span></td>
<td>16:54:21 pm</td>
<td>
<a href="#" class="linked" test-id='65' id='124'>User should Place Order: Register before Checkout</a>
<div class="">
<span class="badge badge-default">Registration functionality.User should Place Order: Register before Checkout</span>
</div>
</td>
</tr>
<tr class="tag-test-status" status="fail">
<td><span class="badge log fail-bg">Fail</span></td>
<td>16:54:50 pm</td>
<td>
<a href="#" class="linked" test-id='65' id='148'>User should place the order successfully : Login before Checkout</a>
<div class="">
<span class="badge badge-default">Registration functionality.User should place the order successfully : Login before Checkout</span>
</div>
</td>
</tr>
<tr class="tag-test-status" status="pass">
<td><span class="badge log pass-bg">Pass</span></td>
<td>16:55:37 pm</td>
<td>
<a href="#" class="linked" test-id='65' id='170'>User should remove the product from cart</a>
<div class="">
<span class="badge badge-default">Registration functionality.User should remove the product from cart</span>
</div>
</td>
</tr>
</tbody>
</table>
</div>
</li>
<li class="test-item">
<div class="test-detail">
<span class="meta">
<span class='badge log badge-danger'>1</span>
</span>
<p class="name">@smoke</p>
<p class="duration text-sm">1 tests</p>
</div>
<div class="test-contents d-none">
<div class="info">
<h4>@smoke</h4>
<span status="fail" class='badge log badge-danger'>1 failed</span>
</div>
<table class='table table-sm mt-4'>
<thead>
<tr>
<th class="status-col">Status</th>
<th class="timestamp-col">Timestamp</th>
<th>TestName</th>
</tr>
</thead>
<tbody>
<tr class="tag-test-status" status="fail">
<td><span class="badge log fail-bg">Fail</span></td>
<td>16:53:39 pm</td>
<td>
<a href="#" class="linked" test-id='65' id='76'>User should log the contact us form</a>
<div class="">
<span class="badge badge-default">Registration functionality.User should log the contact us form</span>
</div>
</td>
</tr>
</tbody>
</table>
</div>
</li>
<li class="test-item">
<div class="test-detail">
<span class="meta">
<span class='badge log pass-bg'>3</span>
<span class='badge log badge-danger'>8</span>
</span>
<p class="name">@author_SG</p>
<p class="duration text-sm">11 tests</p>
</div>
<div class="test-contents d-none">
<div class="info">
<h4>@author_SG</h4>
<span status="pass" class='badge log pass-bg'>3 passed</span>
<span status="fail" class='badge log badge-danger'>8 failed</span>
</div>
<table class='table table-sm mt-4'>
<thead>
<tr>
<th class="status-col">Status</th>
<th class="timestamp-col">Timestamp</th>
<th>TestName</th>
</tr>
</thead>
<tbody>
<tr class="tag-test-status" status="fail">
<td><span class="badge log fail-bg">Fail</span></td>
<td>16:50:15 pm</td>
<td>
<a href="#" class="linked" test-id='1' id='2'>Verify that user can register successfully</a>
<div class="">
<span class="badge badge-default">Login functionality.Verify that user can register successfully</span>
</div>
</td>
</tr>
<tr class="tag-test-status" status="pass">
<td><span class="badge log pass-bg">Pass</span></td>
<td>16:51:05 pm</td>
<td>
<a href="#" class="linked" test-id='1' id='16'>User should login successfully with correct email and password</a>
<div class="">
<span class="badge badge-default">Login functionality.User should login successfully with correct email and password</span>
</div>
</td>
</tr>
<tr class="tag-test-status" status="fail">
<td><span class="badge log fail-bg">Fail</span></td>
<td>16:51:10 pm</td>
<td>
<a href="#" class="linked" test-id='1' id='25'>User should not login successfully with incorrect email and password</a>
<div class="">
<span class="badge badge-default">Login functionality.User should not login successfully with incorrect email and password</span>
</div>
</td>
</tr>
<tr class="tag-test-status" status="fail">
<td><span class="badge log fail-bg">Fail</span></td>
<td>16:51:57 pm</td>
<td>
<a href="#" class="linked" test-id='1' id='35'>User should logout successfully</a>
<div class="">
<span class="badge badge-default">Login functionality.User should logout successfully</span>
</div>
</td>
</tr>
<tr class="tag-test-status" status="fail">
<td><span class="badge log fail-bg">Fail</span></td>
<td>16:52:44 pm</td>
<td>
<a href="#" class="linked" test-id='1' id='47'>User can verify address details successfully</a>
<div class="">
<span class="badge badge-default">Login functionality.User can verify address details successfully</span>
</div>
</td>
</tr>
<tr class="tag-test-status" status="pass">
<td><span class="badge log pass-bg">Pass</span></td>
<td>16:53:32 pm</td>
<td>
<a href="#" class="linked" test-id='65' id='66'>User should register successfully</a>
<div class="">
<span class="badge badge-default">Registration functionality.User should register successfully</span>
</div>
</td>
</tr>
<tr class="tag-test-status" status="fail">
<td><span class="badge log fail-bg">Fail</span></td>
<td>16:53:39 pm</td>
<td>
<a href="#" class="linked" test-id='65' id='76'>User should log the contact us form</a>
<div class="">
<span class="badge badge-default">Registration functionality.User should log the contact us form</span>
</div>
</td>
</tr>
<tr class="tag-test-status" status="fail">
<td><span class="badge log fail-bg">Fail</span></td>
<td>16:53:45 pm</td>
<td>
<a href="#" class="linked" test-id='65' id='92'>User able to verify Test Page</a>
<div class="">
<span class="badge badge-default">Registration functionality.User able to verify Test Page</span>
</div>
</td>
</tr>
<tr class="tag-test-status" status="fail">
<td><span class="badge log fail-bg">Fail</span></td>
<td>16:53:52 pm</td>
<td>
<a href="#" class="linked" test-id='65' id='98'>User should place Order: Register while Checkout</a>
<div class="">
<span class="badge badge-default">Registration functionality.User should place Order: Register while Checkout</span>
</div>
</td>
</tr>
<tr class="tag-test-status" status="fail">
<td><span class="badge log fail-bg">Fail</span></td>
<td>16:54:21 pm</td>
<td>
<a href="#" class="linked" test-id='65' id='124'>User should Place Order: Register before Checkout</a>
<div class="">
<span class="badge badge-default">Registration functionality.User should Place Order: Register before Checkout</span>
</div>
</td>
</tr>
<tr class="tag-test-status" status="pass">
<td><span class="badge log pass-bg">Pass</span></td>
<td>16:55:37 pm</td>
<td>
<a href="#" class="linked" test-id='65' id='170'>User should remove the product from cart</a>
<div class="">
<span class="badge badge-default">Registration functionality.User should remove the product from cart</span>
</div>
</td>
</tr>
</tbody>
</table>
</div>
</li>
</ul>
</div>
</div>
<div class="test-content scrollable">
<div class="test-content-detail">
<div class="detail-body"></div>
</div>
</div>
</div><div class="test-wrapper row view exception-view attributes-view">
<div class="test-list">
<div class="test-list-tools">
<ul class="tools pull-left"><li><a href=""><span class="font-size-14">Exception</span></a></li></ul>
<ul class="tools text-right"><li><a href="#"><span class="badge badge-primary">3</span></a></li></ul>
</div>
<div class="test-list-wrapper scrollable">
<ul class="test-list-item">
<li class="test-item">
<div class="test-detail">
<span class="meta">
<span class='badge log badge-danger'>1</span>
</span>
<p class="name">org.openqa.selenium.ElementClickInterceptedException</p>
<p class="duration text-sm">1 tests</p>
</div>
<div class="test-contents d-none">
<div class="info">
<h4>org.openqa.selenium.ElementClickInterceptedException</h4>
<span status="fail" class='badge log badge-danger'>1 failed</span>
</div>
<table class='table table-sm mt-4'>
<thead>
<tr>
<th class="status-col">Status</th>
<th class="timestamp-col">Timestamp</th>
<th>TestName</th>
</tr>
</thead>
<tbody>
<tr class="tag-test-status" status="fail">
<td><span class="badge log fail-bg">Fail</span></td>
<td>16:53:49 pm</td>
<td>
<a href="#" class="linked" test-id='65' id='95'>When I click on 'Test Cases'</a>
<div class="">
<span class="badge badge-default">Registration functionality.User able to verify Test Page.When I click on 'Test Cases'</span>
</div>
</td>
</tr>
</tbody>
</table>
</div>
</li>
<li class="test-item">
<div class="test-detail">
<span class="meta">
<span class='badge log badge-danger'>7</span>
</span>
<p class="name">org.openqa.selenium.NoSuchElementException</p>
<p class="duration text-sm">7 tests</p>
</div>
<div class="test-contents d-none">
<div class="info">
<h4>org.openqa.selenium.NoSuchElementException</h4>
<span status="fail" class='badge log badge-danger'>7 failed</span>
</div>
<table class='table table-sm mt-4'>
<thead>
<tr>
<th class="status-col">Status</th>
<th class="timestamp-col">Timestamp</th>
<th>TestName</th>
</tr>
</thead>
<tbody>
<tr class="tag-test-status" status="fail">
<td><span class="badge log fail-bg">Fail</span></td>
<td>16:50:24 pm</td>
<td>
<a href="#" class="linked" test-id='1' id='9'>And Verify that 'ENTER ACCOUNT INFORMATION' is visible</a>
<div class="">
<span class="badge badge-default">Login functionality.Verify that user can register successfully.And Verify that 'ENTER ACCOUNT INFORMATION' is visible</span>
</div>
</td>
</tr>
<tr class="tag-test-status" status="fail">
<td><span class="badge log fail-bg">Fail</span></td>
<td>16:51:16 pm</td>
<td>
<a href="#" class="linked" test-id='1' id='33'>And Verify error 'Your email or password is incorrect!' is visible</a>
<div class="">
<span class="badge badge-default">Login functionality.User should not login successfully with incorrect email and password.And Verify error 'Your email or password is incorrect!' is visible</span>
</div>
</td>
</tr>
<tr class="tag-test-status" status="fail">
<td><span class="badge log fail-bg">Fail</span></td>
<td>16:52:03 pm</td>
<td>
<a href="#" class="linked" test-id='1' id='43'>Then 'Logged in as username' message is displayed</a>
<div class="">
<span class="badge badge-default">Login functionality.User should logout successfully.Then 'Logged in as username' message is displayed</span>
</div>
</td>
</tr>
<tr class="tag-test-status" status="fail">
<td><span class="badge log fail-bg">Fail</span></td>
<td>16:52:51 pm</td>
<td>
<a href="#" class="linked" test-id='1' id='54'>And Verify that 'ENTER ACCOUNT INFORMATION' is visible</a>
<div class="">
<span class="badge badge-default">Login functionality.User can verify address details successfully.And Verify that 'ENTER ACCOUNT INFORMATION' is visible</span>
</div>
</td>
</tr>
<tr class="tag-test-status" status="fail">
<td><span class="badge log fail-bg">Fail</span></td>
<td>16:54:01 pm</td>
<td>
<a href="#" class="linked" test-id='65' id='109'>And I fill all details in signup page "Mrs" "Friends244@gmail.com" "10" "June" "1998" "Friends" "Smith" "Raja Park" "Jaipur" "India" "Rajasthan" "Jaipur" "302004" "0985645678"</a>
<div class="">
<span class="badge badge-default">Registration functionality.User should place Order: Register while Checkout.And I fill all details in signup page "Mrs" "Friends244@gmail.com" "10" "June" "1998" "Friends" "Smith" "Raja Park" "Jaipur" "India" "Rajasthan" "Jaipur" "302004" "0985645678"</span>
</div>
</td>
</tr>
<tr class="tag-test-status" status="fail">
<td><span class="badge log fail-bg">Fail</span></td>
<td>16:54:30 pm</td>
<td>
<a href="#" class="linked" test-id='65' id='131'>And I fill all details in signup page "Mrs" "Friends244@gmail.com" "10" "June" "1998" "Friends" "Smith" "Raja Park" "Jaipur" "India" "Rajasthan" "Jaipur" "302004" "0985645678"</a>
<div class="">
<span class="badge badge-default">Registration functionality.User should Place Order: Register before Checkout.And I fill all details in signup page "Mrs" "Friends244@gmail.com" "10" "June" "1998" "Friends" "Smith" "Raja Park" "Jaipur" "India" "Rajasthan" "Jaipur" "302004" "0985645678"</span>
</div>
</td>
</tr>
<tr class="tag-test-status" status="fail">
<td><span class="badge log fail-bg">Fail</span></td>
<td>16:54:57 pm</td>
<td>
<a href="#" class="linked" test-id='65' id='156'>And Verify that 'Logged in as username' is displayed</a>
<div class="">
<span class="badge badge-default">Registration functionality.User should place the order successfully : Login before Checkout.And Verify that 'Logged in as username' is displayed</span>
</div>
</td>
</tr>
</tbody>
</table>
</div>
</li>
<li class="test-item">
<div class="test-detail">
<span class="meta">
<span class='badge log badge-danger'>1</span>
</span>
<p class="name">org.openqa.selenium.StaleElementReferenceException</p>
<p class="duration text-sm">1 tests</p>
</div>
<div class="test-contents d-none">
<div class="info">
<h4>org.openqa.selenium.StaleElementReferenceException</h4>
<span status="fail" class='badge log badge-danger'>1 failed</span>
</div>
<table class='table table-sm mt-4'>
<thead>
<tr>
<th class="status-col">Status</th>
<th class="timestamp-col">Timestamp</th>
<th>TestName</th>
</tr>
</thead>
<tbody>
<tr class="tag-test-status" status="fail">
<td><span class="badge log fail-bg">Fail</span></td>
<td>16:53:43 pm</td>
<td>
<a href="#" class="linked" test-id='65' id='79'>When Click on 'Contact Us' button</a>
<div class="">
<span class="badge badge-default">Registration functionality.User should log the contact us form.When Click on 'Contact Us' button</span>
</div>
</td>
</tr>
</tbody>
</table>
</div>
</li>
</ul>
</div>
</div>
<div class="test-content scrollable">
<div class="test-content-detail">
<div class="detail-body"></div>
</div>
</div>
</div>        </div>
      </div>
    </div>
  </div>
<script src="https://cdn.jsdelivr.net/gh/extent-framework/extent-github-cdn@d6562a79075e061305ccfdb82f01e5e195e2d307/spark/js/spark-script.js"></script>
<script type="text/javascript"></script></body>
</html>